<?xml version="1.0" encoding="UTF-8"?>
<testsuite name="AllTestParallel" tests="1" skipped="0" failures="0" errors="0" timestamp="2023-07-02T16:39:10" hostname="LAPTOP-0SSAMPSI" time="13.189">
  <properties/>
  <testcase name="testParallel()" classname="AllTestParallel" time="13.189"/>
  <system-out><![CDATA[11:39:11.187 [Test worker] INFO com.intuit.karate.Suite - backed up existing 'build\karate-reports' dir to: build\karate-reports_1688315951183
11:39:11.208 [Test worker] DEBUG com.intuit.karate.Suite - waiting for 5 features to complete
11:39:12.686 [pool-1-thread-1] INFO com.intuit.karate.core.FeatureRuntime - classpath:meterManagerTest/meterDelete/../meterPost/utils-post.feature - call by tag at line 5: Createmeter
11:39:12.782 [pool-1-thread-1] DEBUG com.jayway.jsonpath.internal.path.CompiledPath - Evaluating path: $
11:39:12.844 [pool-1-thread-1] DEBUG karate.io.netty.util.internal.logging.InternalLoggerFactory - Using SLF4J as the default logging framework
11:39:12.848 [pool-1-thread-1] DEBUG karate.io.netty.util.internal.PlatformDependent0 - -Dio.netty.noUnsafe: false
11:39:12.848 [pool-1-thread-1] DEBUG karate.io.netty.util.internal.PlatformDependent0 - Java version: 8
11:39:12.852 [pool-1-thread-1] DEBUG karate.io.netty.util.internal.PlatformDependent0 - sun.misc.Unsafe.theUnsafe: available
11:39:12.853 [pool-1-thread-1] DEBUG karate.io.netty.util.internal.PlatformDependent0 - sun.misc.Unsafe.copyMemory: available
11:39:12.855 [pool-1-thread-1] DEBUG karate.io.netty.util.internal.PlatformDependent0 - java.nio.Buffer.address: available
11:39:12.856 [pool-1-thread-1] DEBUG karate.io.netty.util.internal.PlatformDependent0 - direct buffer constructor: available
11:39:12.858 [pool-1-thread-1] DEBUG karate.io.netty.util.internal.PlatformDependent0 - java.nio.Bits.unaligned: available, true
11:39:12.858 [pool-1-thread-1] DEBUG karate.io.netty.util.internal.PlatformDependent0 - jdk.internal.misc.Unsafe.allocateUninitializedArray(int): unavailable prior to Java9
11:39:12.859 [pool-1-thread-1] DEBUG karate.io.netty.util.internal.PlatformDependent0 - java.nio.DirectByteBuffer.<init>(long, int): available
11:39:12.859 [pool-1-thread-1] DEBUG karate.io.netty.util.internal.PlatformDependent - sun.misc.Unsafe: available
11:39:12.860 [pool-1-thread-1] DEBUG karate.io.netty.util.internal.PlatformDependent - -Dio.netty.tmpdir: C:\Users\admin\AppData\Local\Temp (java.io.tmpdir)
11:39:12.861 [pool-1-thread-1] DEBUG karate.io.netty.util.internal.PlatformDependent - -Dio.netty.bitMode: 64 (sun.arch.data.model)
11:39:12.861 [pool-1-thread-1] DEBUG karate.io.netty.util.internal.PlatformDependent - Platform: Windows
11:39:12.863 [pool-1-thread-1] DEBUG karate.io.netty.util.internal.PlatformDependent - -Dio.netty.maxDirectMemory: 477626368 bytes
11:39:12.863 [pool-1-thread-1] DEBUG karate.io.netty.util.internal.PlatformDependent - -Dio.netty.uninitializedArrayAllocationThreshold: -1
11:39:12.867 [pool-1-thread-1] DEBUG karate.io.netty.util.internal.CleanerJava6 - java.nio.ByteBuffer.cleaner(): available
11:39:12.868 [pool-1-thread-1] DEBUG karate.io.netty.util.internal.PlatformDependent - -Dio.netty.noPreferDirect: false
11:39:13.543 [pool-1-thread-1] DEBUG karate.org.apache.http.client.protocol.RequestAddCookies - CookieSpec selected: karate
11:39:13.543 [pool-1-thread-2] DEBUG karate.org.apache.http.client.protocol.RequestAddCookies - CookieSpec selected: karate
11:39:13.556 [pool-1-thread-2] DEBUG karate.org.apache.http.client.protocol.RequestAuthCache - Auth cache not set in the context
11:39:13.556 [pool-1-thread-1] DEBUG karate.org.apache.http.client.protocol.RequestAuthCache - Auth cache not set in the context
11:39:13.557 [pool-1-thread-2] DEBUG com.intuit.karate - request:
1 > DELETE https://ops.enerbit.dev/learning/api/v1/meters/-5
1 > Host: ops.enerbit.dev
1 > Connection: Keep-Alive
1 > User-Agent: Apache-HttpClient/4.5.13 (Java/1.8.0_202)
1 > Accept-Encoding: gzip,deflate


11:39:13.559 [pool-1-thread-1] DEBUG com.intuit.karate - request:
1 > POST https://ops.enerbit.dev/learning/api/v1/meters
1 > Content-Type: application/json; charset=UTF-8
1 > Content-Length: 251
1 > Host: ops.enerbit.dev
1 > Connection: Keep-Alive
1 > User-Agent: Apache-HttpClient/4.5.13 (Java/1.8.0_202)
1 > Accept-Encoding: gzip,deflate
{"serial":"3424234233kj","connection_type":"directa","storage_system":"interno","condition":"nuevo","owner":"RF","location":"Almacen ","manufacturer":"yes","purchase":"2022-07-28 03:08:49.340514","i_max":6345.654,"i_b":21.5,"i_n":876.5,"seals":545.65}

11:39:13.560 [pool-1-thread-2] DEBUG karate.org.apache.http.impl.conn.PoolingHttpClientConnectionManager - Connection request: [route: {s}->https://ops.enerbit.dev:443][total available: 0; route allocated: 0 of 5; total allocated: 0 of 10]
11:39:13.560 [pool-1-thread-1] DEBUG karate.org.apache.http.impl.conn.PoolingHttpClientConnectionManager - Connection request: [route: {s}->https://ops.enerbit.dev:443][total available: 0; route allocated: 0 of 5; total allocated: 0 of 10]
11:39:13.588 [pool-1-thread-2] DEBUG karate.org.apache.http.impl.conn.PoolingHttpClientConnectionManager - Connection leased: [id: 0][route: {s}->https://ops.enerbit.dev:443][total available: 0; route allocated: 1 of 5; total allocated: 1 of 10]
11:39:13.588 [pool-1-thread-1] DEBUG karate.org.apache.http.impl.conn.PoolingHttpClientConnectionManager - Connection leased: [id: 1][route: {s}->https://ops.enerbit.dev:443][total available: 0; route allocated: 1 of 5; total allocated: 1 of 10]
11:39:13.591 [pool-1-thread-2] DEBUG karate.org.apache.http.impl.execchain.MainClientExec - Opening connection {s}->https://ops.enerbit.dev:443
11:39:13.591 [pool-1-thread-1] DEBUG karate.org.apache.http.impl.execchain.MainClientExec - Opening connection {s}->https://ops.enerbit.dev:443
11:39:13.732 [pool-1-thread-1] DEBUG karate.org.apache.http.impl.conn.DefaultHttpClientConnectionOperator - Connecting to ops.enerbit.dev/20.65.19.185:443
11:39:13.732 [pool-1-thread-2] DEBUG karate.org.apache.http.impl.conn.DefaultHttpClientConnectionOperator - Connecting to ops.enerbit.dev/20.65.19.185:443
11:39:13.732 [pool-1-thread-1] DEBUG karate.org.apache.http.conn.ssl.SSLConnectionSocketFactory - Connecting socket to ops.enerbit.dev/20.65.19.185:443 with timeout 30000
11:39:13.732 [pool-1-thread-2] DEBUG karate.org.apache.http.conn.ssl.SSLConnectionSocketFactory - Connecting socket to ops.enerbit.dev/20.65.19.185:443 with timeout 30000
11:39:14.007 [pool-1-thread-2] DEBUG karate.org.apache.http.conn.ssl.SSLConnectionSocketFactory - Enabled protocols: [TLSv1, TLSv1.1, TLSv1.2]
11:39:14.007 [pool-1-thread-1] DEBUG karate.org.apache.http.conn.ssl.SSLConnectionSocketFactory - Enabled protocols: [TLSv1, TLSv1.1, TLSv1.2]
11:39:14.008 [pool-1-thread-2] DEBUG karate.org.apache.http.conn.ssl.SSLConnectionSocketFactory - Enabled cipher suites:[TLS_ECDHE_ECDSA_WITH_AES_256_CBC_SHA384, TLS_ECDHE_RSA_WITH_AES_256_CBC_SHA384, TLS_RSA_WITH_AES_256_CBC_SHA256, TLS_ECDH_ECDSA_WITH_AES_256_CBC_SHA384, TLS_ECDH_RSA_WITH_AES_256_CBC_SHA384, TLS_DHE_RSA_WITH_AES_256_CBC_SHA256, TLS_DHE_DSS_WITH_AES_256_CBC_SHA256, TLS_ECDHE_ECDSA_WITH_AES_256_CBC_SHA, TLS_ECDHE_RSA_WITH_AES_256_CBC_SHA, TLS_RSA_WITH_AES_256_CBC_SHA, TLS_ECDH_ECDSA_WITH_AES_256_CBC_SHA, TLS_ECDH_RSA_WITH_AES_256_CBC_SHA, TLS_DHE_RSA_WITH_AES_256_CBC_SHA, TLS_DHE_DSS_WITH_AES_256_CBC_SHA, TLS_ECDHE_ECDSA_WITH_AES_128_CBC_SHA256, TLS_ECDHE_RSA_WITH_AES_128_CBC_SHA256, TLS_RSA_WITH_AES_128_CBC_SHA256, TLS_ECDH_ECDSA_WITH_AES_128_CBC_SHA256, TLS_ECDH_RSA_WITH_AES_128_CBC_SHA256, TLS_DHE_RSA_WITH_AES_128_CBC_SHA256, TLS_DHE_DSS_WITH_AES_128_CBC_SHA256, TLS_ECDHE_ECDSA_WITH_AES_128_CBC_SHA, TLS_ECDHE_RSA_WITH_AES_128_CBC_SHA, TLS_RSA_WITH_AES_128_CBC_SHA, TLS_ECDH_ECDSA_WITH_AES_128_CBC_SHA, TLS_ECDH_RSA_WITH_AES_128_CBC_SHA, TLS_DHE_RSA_WITH_AES_128_CBC_SHA, TLS_DHE_DSS_WITH_AES_128_CBC_SHA, TLS_ECDHE_ECDSA_WITH_AES_256_GCM_SHA384, TLS_ECDHE_ECDSA_WITH_AES_128_GCM_SHA256, TLS_ECDHE_RSA_WITH_AES_256_GCM_SHA384, TLS_RSA_WITH_AES_256_GCM_SHA384, TLS_ECDH_ECDSA_WITH_AES_256_GCM_SHA384, TLS_ECDH_RSA_WITH_AES_256_GCM_SHA384, TLS_DHE_RSA_WITH_AES_256_GCM_SHA384, TLS_DHE_DSS_WITH_AES_256_GCM_SHA384, TLS_ECDHE_RSA_WITH_AES_128_GCM_SHA256, TLS_RSA_WITH_AES_128_GCM_SHA256, TLS_ECDH_ECDSA_WITH_AES_128_GCM_SHA256, TLS_ECDH_RSA_WITH_AES_128_GCM_SHA256, TLS_DHE_RSA_WITH_AES_128_GCM_SHA256, TLS_DHE_DSS_WITH_AES_128_GCM_SHA256]
11:39:14.008 [pool-1-thread-1] DEBUG karate.org.apache.http.conn.ssl.SSLConnectionSocketFactory - Enabled cipher suites:[TLS_ECDHE_ECDSA_WITH_AES_256_CBC_SHA384, TLS_ECDHE_RSA_WITH_AES_256_CBC_SHA384, TLS_RSA_WITH_AES_256_CBC_SHA256, TLS_ECDH_ECDSA_WITH_AES_256_CBC_SHA384, TLS_ECDH_RSA_WITH_AES_256_CBC_SHA384, TLS_DHE_RSA_WITH_AES_256_CBC_SHA256, TLS_DHE_DSS_WITH_AES_256_CBC_SHA256, TLS_ECDHE_ECDSA_WITH_AES_256_CBC_SHA, TLS_ECDHE_RSA_WITH_AES_256_CBC_SHA, TLS_RSA_WITH_AES_256_CBC_SHA, TLS_ECDH_ECDSA_WITH_AES_256_CBC_SHA, TLS_ECDH_RSA_WITH_AES_256_CBC_SHA, TLS_DHE_RSA_WITH_AES_256_CBC_SHA, TLS_DHE_DSS_WITH_AES_256_CBC_SHA, TLS_ECDHE_ECDSA_WITH_AES_128_CBC_SHA256, TLS_ECDHE_RSA_WITH_AES_128_CBC_SHA256, TLS_RSA_WITH_AES_128_CBC_SHA256, TLS_ECDH_ECDSA_WITH_AES_128_CBC_SHA256, TLS_ECDH_RSA_WITH_AES_128_CBC_SHA256, TLS_DHE_RSA_WITH_AES_128_CBC_SHA256, TLS_DHE_DSS_WITH_AES_128_CBC_SHA256, TLS_ECDHE_ECDSA_WITH_AES_128_CBC_SHA, TLS_ECDHE_RSA_WITH_AES_128_CBC_SHA, TLS_RSA_WITH_AES_128_CBC_SHA, TLS_ECDH_ECDSA_WITH_AES_128_CBC_SHA, TLS_ECDH_RSA_WITH_AES_128_CBC_SHA, TLS_DHE_RSA_WITH_AES_128_CBC_SHA, TLS_DHE_DSS_WITH_AES_128_CBC_SHA, TLS_ECDHE_ECDSA_WITH_AES_256_GCM_SHA384, TLS_ECDHE_ECDSA_WITH_AES_128_GCM_SHA256, TLS_ECDHE_RSA_WITH_AES_256_GCM_SHA384, TLS_RSA_WITH_AES_256_GCM_SHA384, TLS_ECDH_ECDSA_WITH_AES_256_GCM_SHA384, TLS_ECDH_RSA_WITH_AES_256_GCM_SHA384, TLS_DHE_RSA_WITH_AES_256_GCM_SHA384, TLS_DHE_DSS_WITH_AES_256_GCM_SHA384, TLS_ECDHE_RSA_WITH_AES_128_GCM_SHA256, TLS_RSA_WITH_AES_128_GCM_SHA256, TLS_ECDH_ECDSA_WITH_AES_128_GCM_SHA256, TLS_ECDH_RSA_WITH_AES_128_GCM_SHA256, TLS_DHE_RSA_WITH_AES_128_GCM_SHA256, TLS_DHE_DSS_WITH_AES_128_GCM_SHA256]
11:39:14.008 [pool-1-thread-2] DEBUG karate.org.apache.http.conn.ssl.SSLConnectionSocketFactory - Starting handshake
11:39:14.009 [pool-1-thread-1] DEBUG karate.org.apache.http.conn.ssl.SSLConnectionSocketFactory - Starting handshake
11:39:14.279 [pool-1-thread-2] DEBUG karate.org.apache.http.conn.ssl.SSLConnectionSocketFactory - Secure session established
11:39:14.279 [pool-1-thread-1] DEBUG karate.org.apache.http.conn.ssl.SSLConnectionSocketFactory - Secure session established
11:39:14.280 [pool-1-thread-1] DEBUG karate.org.apache.http.conn.ssl.SSLConnectionSocketFactory -  negotiated protocol: TLSv1.2
11:39:14.280 [pool-1-thread-2] DEBUG karate.org.apache.http.conn.ssl.SSLConnectionSocketFactory -  negotiated protocol: TLSv1.2
11:39:14.280 [pool-1-thread-1] DEBUG karate.org.apache.http.conn.ssl.SSLConnectionSocketFactory -  negotiated cipher suite: TLS_ECDHE_RSA_WITH_AES_128_GCM_SHA256
11:39:14.280 [pool-1-thread-2] DEBUG karate.org.apache.http.conn.ssl.SSLConnectionSocketFactory -  negotiated cipher suite: TLS_ECDHE_RSA_WITH_AES_128_GCM_SHA256
11:39:14.280 [pool-1-thread-2] DEBUG karate.org.apache.http.conn.ssl.SSLConnectionSocketFactory -  peer principal: CN=ops.enerbit.dev
11:39:14.280 [pool-1-thread-1] DEBUG karate.org.apache.http.conn.ssl.SSLConnectionSocketFactory -  peer principal: CN=ops.enerbit.dev
11:39:14.280 [pool-1-thread-2] DEBUG karate.org.apache.http.conn.ssl.SSLConnectionSocketFactory -  peer alternative names: [ops.enerbit.dev]
11:39:14.280 [pool-1-thread-1] DEBUG karate.org.apache.http.conn.ssl.SSLConnectionSocketFactory -  peer alternative names: [ops.enerbit.dev]
11:39:14.280 [pool-1-thread-2] DEBUG karate.org.apache.http.conn.ssl.SSLConnectionSocketFactory -  issuer principal: CN=R3, O=Let's Encrypt, C=US
11:39:14.280 [pool-1-thread-1] DEBUG karate.org.apache.http.conn.ssl.SSLConnectionSocketFactory -  issuer principal: CN=R3, O=Let's Encrypt, C=US
11:39:14.284 [pool-1-thread-2] DEBUG karate.org.apache.http.impl.conn.DefaultHttpClientConnectionOperator - Connection established 192.168.1.4:58226<->20.65.19.185:443
11:39:14.284 [pool-1-thread-1] DEBUG karate.org.apache.http.impl.conn.DefaultHttpClientConnectionOperator - Connection established 192.168.1.4:58225<->20.65.19.185:443
11:39:14.284 [pool-1-thread-2] DEBUG karate.org.apache.http.impl.conn.DefaultManagedHttpClientConnection - http-outgoing-0: set socket timeout to 30000
11:39:14.285 [pool-1-thread-1] DEBUG karate.org.apache.http.impl.conn.DefaultManagedHttpClientConnection - http-outgoing-1: set socket timeout to 30000
11:39:14.285 [pool-1-thread-1] DEBUG karate.org.apache.http.impl.execchain.MainClientExec - Executing request POST /learning/api/v1/meters HTTP/1.1
11:39:14.286 [pool-1-thread-1] DEBUG karate.org.apache.http.impl.execchain.MainClientExec - Target auth state: UNCHALLENGED
11:39:14.285 [pool-1-thread-2] DEBUG karate.org.apache.http.impl.execchain.MainClientExec - Executing request DELETE /learning/api/v1/meters/-5 HTTP/1.1
11:39:14.286 [pool-1-thread-2] DEBUG karate.org.apache.http.impl.execchain.MainClientExec - Target auth state: UNCHALLENGED
11:39:14.287 [pool-1-thread-1] DEBUG karate.org.apache.http.impl.execchain.MainClientExec - Proxy auth state: UNCHALLENGED
11:39:14.287 [pool-1-thread-2] DEBUG karate.org.apache.http.impl.execchain.MainClientExec - Proxy auth state: UNCHALLENGED
11:39:14.289 [pool-1-thread-1] DEBUG karate.org.apache.http.headers - http-outgoing-1 >> POST /learning/api/v1/meters HTTP/1.1
11:39:14.289 [pool-1-thread-2] DEBUG karate.org.apache.http.headers - http-outgoing-0 >> DELETE /learning/api/v1/meters/-5 HTTP/1.1
11:39:14.289 [pool-1-thread-2] DEBUG karate.org.apache.http.headers - http-outgoing-0 >> Host: ops.enerbit.dev
11:39:14.289 [pool-1-thread-1] DEBUG karate.org.apache.http.headers - http-outgoing-1 >> Content-Type: application/json; charset=UTF-8
11:39:14.289 [pool-1-thread-2] DEBUG karate.org.apache.http.headers - http-outgoing-0 >> Connection: Keep-Alive
11:39:14.289 [pool-1-thread-2] DEBUG karate.org.apache.http.headers - http-outgoing-0 >> User-Agent: Apache-HttpClient/4.5.13 (Java/1.8.0_202)
11:39:14.289 [pool-1-thread-1] DEBUG karate.org.apache.http.headers - http-outgoing-1 >> Content-Length: 251
11:39:14.289 [pool-1-thread-2] DEBUG karate.org.apache.http.headers - http-outgoing-0 >> Accept-Encoding: gzip,deflate
11:39:14.289 [pool-1-thread-1] DEBUG karate.org.apache.http.headers - http-outgoing-1 >> Host: ops.enerbit.dev
11:39:14.289 [pool-1-thread-1] DEBUG karate.org.apache.http.headers - http-outgoing-1 >> Connection: Keep-Alive
11:39:14.290 [pool-1-thread-1] DEBUG karate.org.apache.http.headers - http-outgoing-1 >> User-Agent: Apache-HttpClient/4.5.13 (Java/1.8.0_202)
11:39:14.290 [pool-1-thread-1] DEBUG karate.org.apache.http.headers - http-outgoing-1 >> Accept-Encoding: gzip,deflate
11:39:14.290 [pool-1-thread-1] DEBUG karate.org.apache.http.wire - http-outgoing-1 >> "POST /learning/api/v1/meters HTTP/1.1[\r][\n]"
11:39:14.290 [pool-1-thread-1] DEBUG karate.org.apache.http.wire - http-outgoing-1 >> "Content-Type: application/json; charset=UTF-8[\r][\n]"
11:39:14.290 [pool-1-thread-1] DEBUG karate.org.apache.http.wire - http-outgoing-1 >> "Content-Length: 251[\r][\n]"
11:39:14.290 [pool-1-thread-1] DEBUG karate.org.apache.http.wire - http-outgoing-1 >> "Host: ops.enerbit.dev[\r][\n]"
11:39:14.290 [pool-1-thread-1] DEBUG karate.org.apache.http.wire - http-outgoing-1 >> "Connection: Keep-Alive[\r][\n]"
11:39:14.290 [pool-1-thread-1] DEBUG karate.org.apache.http.wire - http-outgoing-1 >> "User-Agent: Apache-HttpClient/4.5.13 (Java/1.8.0_202)[\r][\n]"
11:39:14.290 [pool-1-thread-1] DEBUG karate.org.apache.http.wire - http-outgoing-1 >> "Accept-Encoding: gzip,deflate[\r][\n]"
11:39:14.290 [pool-1-thread-1] DEBUG karate.org.apache.http.wire - http-outgoing-1 >> "[\r][\n]"
11:39:14.290 [pool-1-thread-1] DEBUG karate.org.apache.http.wire - http-outgoing-1 >> "{"serial":"3424234233kj","connection_type":"directa","storage_system":"interno","condition":"nuevo","owner":"RF","location":"Almacen ","manufacturer":"yes","purchase":"2022-07-28 03:08:49.340514","i_max":6345.654,"i_b":21.5,"i_n":876.5,"seals":545.65}"
11:39:14.290 [pool-1-thread-2] DEBUG karate.org.apache.http.wire - http-outgoing-0 >> "DELETE /learning/api/v1/meters/-5 HTTP/1.1[\r][\n]"
11:39:14.290 [pool-1-thread-2] DEBUG karate.org.apache.http.wire - http-outgoing-0 >> "Host: ops.enerbit.dev[\r][\n]"
11:39:14.290 [pool-1-thread-2] DEBUG karate.org.apache.http.wire - http-outgoing-0 >> "Connection: Keep-Alive[\r][\n]"
11:39:14.291 [pool-1-thread-2] DEBUG karate.org.apache.http.wire - http-outgoing-0 >> "User-Agent: Apache-HttpClient/4.5.13 (Java/1.8.0_202)[\r][\n]"
11:39:14.291 [pool-1-thread-2] DEBUG karate.org.apache.http.wire - http-outgoing-0 >> "Accept-Encoding: gzip,deflate[\r][\n]"
11:39:14.291 [pool-1-thread-2] DEBUG karate.org.apache.http.wire - http-outgoing-0 >> "[\r][\n]"
11:39:14.582 [pool-1-thread-2] DEBUG karate.org.apache.http.wire - http-outgoing-0 << "HTTP/1.1 404 Not Found[\r][\n]"
11:39:14.582 [pool-1-thread-2] DEBUG karate.org.apache.http.wire - http-outgoing-0 << "Date: Sun, 02 Jul 2023 16:39:15 GMT[\r][\n]"
11:39:14.583 [pool-1-thread-2] DEBUG karate.org.apache.http.wire - http-outgoing-0 << "Content-Type: application/json[\r][\n]"
11:39:14.583 [pool-1-thread-2] DEBUG karate.org.apache.http.wire - http-outgoing-0 << "Content-Length: 28[\r][\n]"
11:39:14.583 [pool-1-thread-2] DEBUG karate.org.apache.http.wire - http-outgoing-0 << "Connection: keep-alive[\r][\n]"
11:39:14.583 [pool-1-thread-2] DEBUG karate.org.apache.http.wire - http-outgoing-0 << "Strict-Transport-Security: max-age=15724800; includeSubDomains[\r][\n]"
11:39:14.583 [pool-1-thread-2] DEBUG karate.org.apache.http.wire - http-outgoing-0 << "Access-Control-Allow-Origin: *[\r][\n]"
11:39:14.583 [pool-1-thread-2] DEBUG karate.org.apache.http.wire - http-outgoing-0 << "Access-Control-Allow-Credentials: true[\r][\n]"
11:39:14.583 [pool-1-thread-2] DEBUG karate.org.apache.http.wire - http-outgoing-0 << "Access-Control-Allow-Methods: GET, PUT, POST, DELETE, PATCH, OPTIONS[\r][\n]"
11:39:14.583 [pool-1-thread-2] DEBUG karate.org.apache.http.wire - http-outgoing-0 << "Access-Control-Allow-Headers: DNT,Keep-Alive,User-Agent,X-Requested-With,If-Modified-Since,Cache-Control,Content-Type,Range,Authorization[\r][\n]"
11:39:14.583 [pool-1-thread-2] DEBUG karate.org.apache.http.wire - http-outgoing-0 << "Access-Control-Max-Age: 1728000[\r][\n]"
11:39:14.583 [pool-1-thread-2] DEBUG karate.org.apache.http.wire - http-outgoing-0 << "[\r][\n]"
11:39:14.583 [pool-1-thread-2] DEBUG karate.org.apache.http.wire - http-outgoing-0 << "{"detail":"meter not found"}"
11:39:14.592 [pool-1-thread-2] DEBUG karate.org.apache.http.headers - http-outgoing-0 << HTTP/1.1 404 Not Found
11:39:14.592 [pool-1-thread-2] DEBUG karate.org.apache.http.headers - http-outgoing-0 << Date: Sun, 02 Jul 2023 16:39:15 GMT
11:39:14.592 [pool-1-thread-2] DEBUG karate.org.apache.http.headers - http-outgoing-0 << Content-Type: application/json
11:39:14.593 [pool-1-thread-2] DEBUG karate.org.apache.http.headers - http-outgoing-0 << Content-Length: 28
11:39:14.593 [pool-1-thread-2] DEBUG karate.org.apache.http.headers - http-outgoing-0 << Connection: keep-alive
11:39:14.593 [pool-1-thread-2] DEBUG karate.org.apache.http.headers - http-outgoing-0 << Strict-Transport-Security: max-age=15724800; includeSubDomains
11:39:14.593 [pool-1-thread-2] DEBUG karate.org.apache.http.headers - http-outgoing-0 << Access-Control-Allow-Origin: *
11:39:14.593 [pool-1-thread-2] DEBUG karate.org.apache.http.headers - http-outgoing-0 << Access-Control-Allow-Credentials: true
11:39:14.593 [pool-1-thread-2] DEBUG karate.org.apache.http.headers - http-outgoing-0 << Access-Control-Allow-Methods: GET, PUT, POST, DELETE, PATCH, OPTIONS
11:39:14.593 [pool-1-thread-2] DEBUG karate.org.apache.http.headers - http-outgoing-0 << Access-Control-Allow-Headers: DNT,Keep-Alive,User-Agent,X-Requested-With,If-Modified-Since,Cache-Control,Content-Type,Range,Authorization
11:39:14.593 [pool-1-thread-2] DEBUG karate.org.apache.http.headers - http-outgoing-0 << Access-Control-Max-Age: 1728000
11:39:14.602 [pool-1-thread-2] DEBUG karate.org.apache.http.impl.execchain.MainClientExec - Connection can be kept alive indefinitely
11:39:14.607 [pool-1-thread-2] DEBUG karate.org.apache.http.impl.conn.PoolingHttpClientConnectionManager - Connection [id: 0][route: {s}->https://ops.enerbit.dev:443] can be kept alive indefinitely
11:39:14.607 [pool-1-thread-2] DEBUG karate.org.apache.http.impl.conn.DefaultManagedHttpClientConnection - http-outgoing-0: set socket timeout to 0
11:39:14.607 [pool-1-thread-2] DEBUG karate.org.apache.http.impl.conn.PoolingHttpClientConnectionManager - Connection released: [id: 0][route: {s}->https://ops.enerbit.dev:443][total available: 1; route allocated: 1 of 5; total allocated: 1 of 10]
11:39:14.611 [pool-1-thread-2] DEBUG com.intuit.karate - response time in milliseconds: 1048
1 < 404
1 < Date: Sun, 02 Jul 2023 16:39:15 GMT
1 < Content-Type: application/json
1 < Content-Length: 28
1 < Connection: keep-alive
1 < Strict-Transport-Security: max-age=15724800; includeSubDomains
1 < Access-Control-Allow-Origin: *
1 < Access-Control-Allow-Credentials: true
1 < Access-Control-Allow-Methods: GET, PUT, POST, DELETE, PATCH, OPTIONS
1 < Access-Control-Allow-Headers: DNT,Keep-Alive,User-Agent,X-Requested-With,If-Modified-Since,Cache-Control,Content-Type,Range,Authorization
1 < Access-Control-Max-Age: 1728000
{"detail":"meter not found"}

11:39:14.655 [pool-1-thread-2] DEBUG com.jayway.jsonpath.internal.path.CompiledPath - Evaluating path: $['detail']
11:39:14.679 [pool-1-thread-2] DEBUG karate.org.apache.http.client.protocol.RequestAddCookies - CookieSpec selected: karate
11:39:14.679 [pool-1-thread-2] DEBUG karate.org.apache.http.client.protocol.RequestAuthCache - Auth cache not set in the context
11:39:14.679 [pool-1-thread-2] DEBUG com.intuit.karate - request:
1 > DELETE https://ops.enerbit.dev/learning/api/v1/meters
1 > Host: ops.enerbit.dev
1 > Connection: Keep-Alive
1 > User-Agent: Apache-HttpClient/4.5.13 (Java/1.8.0_202)
1 > Accept-Encoding: gzip,deflate


11:39:14.680 [pool-1-thread-2] DEBUG karate.org.apache.http.impl.conn.PoolingHttpClientConnectionManager - Connection request: [route: {s}->https://ops.enerbit.dev:443][total available: 0; route allocated: 0 of 5; total allocated: 0 of 10]
11:39:14.680 [pool-1-thread-2] DEBUG karate.org.apache.http.impl.conn.PoolingHttpClientConnectionManager - Connection leased: [id: 2][route: {s}->https://ops.enerbit.dev:443][total available: 0; route allocated: 1 of 5; total allocated: 1 of 10]
11:39:14.680 [pool-1-thread-2] DEBUG karate.org.apache.http.impl.execchain.MainClientExec - Opening connection {s}->https://ops.enerbit.dev:443
11:39:14.681 [pool-1-thread-2] DEBUG karate.org.apache.http.impl.conn.DefaultHttpClientConnectionOperator - Connecting to ops.enerbit.dev/20.65.19.185:443
11:39:14.681 [pool-1-thread-2] DEBUG karate.org.apache.http.conn.ssl.SSLConnectionSocketFactory - Connecting socket to ops.enerbit.dev/20.65.19.185:443 with timeout 30000
11:39:14.723 [pool-1-thread-1] DEBUG karate.org.apache.http.wire - http-outgoing-1 << "HTTP/1.1 201 Created[\r][\n]"
11:39:14.724 [pool-1-thread-1] DEBUG karate.org.apache.http.wire - http-outgoing-1 << "Date: Sun, 02 Jul 2023 16:39:15 GMT[\r][\n]"
11:39:14.724 [pool-1-thread-1] DEBUG karate.org.apache.http.wire - http-outgoing-1 << "Content-Type: application/json[\r][\n]"
11:39:14.724 [pool-1-thread-1] DEBUG karate.org.apache.http.wire - http-outgoing-1 << "Content-Length: 320[\r][\n]"
11:39:14.724 [pool-1-thread-1] DEBUG karate.org.apache.http.wire - http-outgoing-1 << "Connection: keep-alive[\r][\n]"
11:39:14.724 [pool-1-thread-1] DEBUG karate.org.apache.http.wire - http-outgoing-1 << "Strict-Transport-Security: max-age=15724800; includeSubDomains[\r][\n]"
11:39:14.724 [pool-1-thread-1] DEBUG karate.org.apache.http.wire - http-outgoing-1 << "Access-Control-Allow-Origin: *[\r][\n]"
11:39:14.724 [pool-1-thread-1] DEBUG karate.org.apache.http.wire - http-outgoing-1 << "Access-Control-Allow-Credentials: true[\r][\n]"
11:39:14.724 [pool-1-thread-1] DEBUG karate.org.apache.http.wire - http-outgoing-1 << "Access-Control-Allow-Methods: GET, PUT, POST, DELETE, PATCH, OPTIONS[\r][\n]"
11:39:14.724 [pool-1-thread-1] DEBUG karate.org.apache.http.wire - http-outgoing-1 << "Access-Control-Allow-Headers: DNT,Keep-Alive,User-Agent,X-Requested-With,If-Modified-Since,Cache-Control,Content-Type,Range,Authorization[\r][\n]"
11:39:14.725 [pool-1-thread-1] DEBUG karate.org.apache.http.wire - http-outgoing-1 << "Access-Control-Max-Age: 1728000[\r][\n]"
11:39:14.725 [pool-1-thread-1] DEBUG karate.org.apache.http.wire - http-outgoing-1 << "[\r][\n]"
11:39:14.725 [pool-1-thread-1] DEBUG karate.org.apache.http.wire - http-outgoing-1 << "{"serial":"3424234233kj","connection_type":"directa","storage_system":"interno","condition":"nuevo","owner":"RF","location":"Almacen ","manufacturer":"yes","purchase":"2022-07-28 03:08:49.340514","i_max":6345.654,"i_b":21.5,"i_n":876.5,"seals":545.65,"id":414,"created_at":"2023-07-02T16:39:15.021402","updated_at":null}"
11:39:14.725 [pool-1-thread-1] DEBUG karate.org.apache.http.headers - http-outgoing-1 << HTTP/1.1 201 Created
11:39:14.725 [pool-1-thread-1] DEBUG karate.org.apache.http.headers - http-outgoing-1 << Date: Sun, 02 Jul 2023 16:39:15 GMT
11:39:14.725 [pool-1-thread-1] DEBUG karate.org.apache.http.headers - http-outgoing-1 << Content-Type: application/json
11:39:14.725 [pool-1-thread-1] DEBUG karate.org.apache.http.headers - http-outgoing-1 << Content-Length: 320
11:39:14.726 [pool-1-thread-1] DEBUG karate.org.apache.http.headers - http-outgoing-1 << Connection: keep-alive
11:39:14.726 [pool-1-thread-1] DEBUG karate.org.apache.http.headers - http-outgoing-1 << Strict-Transport-Security: max-age=15724800; includeSubDomains
11:39:14.726 [pool-1-thread-1] DEBUG karate.org.apache.http.headers - http-outgoing-1 << Access-Control-Allow-Origin: *
11:39:14.726 [pool-1-thread-1] DEBUG karate.org.apache.http.headers - http-outgoing-1 << Access-Control-Allow-Credentials: true
11:39:14.726 [pool-1-thread-1] DEBUG karate.org.apache.http.headers - http-outgoing-1 << Access-Control-Allow-Methods: GET, PUT, POST, DELETE, PATCH, OPTIONS
11:39:14.726 [pool-1-thread-1] DEBUG karate.org.apache.http.headers - http-outgoing-1 << Access-Control-Allow-Headers: DNT,Keep-Alive,User-Agent,X-Requested-With,If-Modified-Since,Cache-Control,Content-Type,Range,Authorization
11:39:14.726 [pool-1-thread-1] DEBUG karate.org.apache.http.headers - http-outgoing-1 << Access-Control-Max-Age: 1728000
11:39:14.726 [pool-1-thread-1] DEBUG karate.org.apache.http.impl.execchain.MainClientExec - Connection can be kept alive indefinitely
11:39:14.726 [pool-1-thread-1] DEBUG karate.org.apache.http.impl.conn.PoolingHttpClientConnectionManager - Connection [id: 1][route: {s}->https://ops.enerbit.dev:443] can be kept alive indefinitely
11:39:14.726 [pool-1-thread-1] DEBUG karate.org.apache.http.impl.conn.DefaultManagedHttpClientConnection - http-outgoing-1: set socket timeout to 0
11:39:14.727 [pool-1-thread-1] DEBUG karate.org.apache.http.impl.conn.PoolingHttpClientConnectionManager - Connection released: [id: 1][route: {s}->https://ops.enerbit.dev:443][total available: 1; route allocated: 1 of 5; total allocated: 1 of 10]
11:39:14.727 [pool-1-thread-1] DEBUG com.intuit.karate - response time in milliseconds: 1168
1 < 201
1 < Date: Sun, 02 Jul 2023 16:39:15 GMT
1 < Content-Type: application/json
1 < Content-Length: 320
1 < Connection: keep-alive
1 < Strict-Transport-Security: max-age=15724800; includeSubDomains
1 < Access-Control-Allow-Origin: *
1 < Access-Control-Allow-Credentials: true
1 < Access-Control-Allow-Methods: GET, PUT, POST, DELETE, PATCH, OPTIONS
1 < Access-Control-Allow-Headers: DNT,Keep-Alive,User-Agent,X-Requested-With,If-Modified-Since,Cache-Control,Content-Type,Range,Authorization
1 < Access-Control-Max-Age: 1728000
{"serial":"3424234233kj","connection_type":"directa","storage_system":"interno","condition":"nuevo","owner":"RF","location":"Almacen ","manufacturer":"yes","purchase":"2022-07-28 03:08:49.340514","i_max":6345.654,"i_b":21.5,"i_n":876.5,"seals":545.65,"id":414,"created_at":"2023-07-02T16:39:15.021402","updated_at":null}

11:39:14.734 [pool-1-thread-1] DEBUG com.jayway.jsonpath.internal.path.CompiledPath - Evaluating path: $['id']
11:39:14.760 [pool-1-thread-1] DEBUG karate.org.apache.http.client.protocol.RequestAddCookies - CookieSpec selected: karate
11:39:14.761 [pool-1-thread-1] DEBUG karate.org.apache.http.client.protocol.RequestAuthCache - Auth cache not set in the context
11:39:14.761 [pool-1-thread-1] DEBUG com.intuit.karate - request:
2 > DELETE https://ops.enerbit.dev/learning/api/v1/meters/414
2 > Host: ops.enerbit.dev
2 > Connection: Keep-Alive
2 > User-Agent: Apache-HttpClient/4.5.13 (Java/1.8.0_202)
2 > Accept-Encoding: gzip,deflate


11:39:14.761 [pool-1-thread-1] DEBUG karate.org.apache.http.impl.conn.PoolingHttpClientConnectionManager - Connection request: [route: {s}->https://ops.enerbit.dev:443][total available: 0; route allocated: 0 of 5; total allocated: 0 of 10]
11:39:14.761 [pool-1-thread-1] DEBUG karate.org.apache.http.impl.conn.PoolingHttpClientConnectionManager - Connection leased: [id: 3][route: {s}->https://ops.enerbit.dev:443][total available: 0; route allocated: 1 of 5; total allocated: 1 of 10]
11:39:14.762 [pool-1-thread-1] DEBUG karate.org.apache.http.impl.execchain.MainClientExec - Opening connection {s}->https://ops.enerbit.dev:443
11:39:14.762 [pool-1-thread-1] DEBUG karate.org.apache.http.impl.conn.DefaultHttpClientConnectionOperator - Connecting to ops.enerbit.dev/20.65.19.185:443
11:39:14.765 [pool-1-thread-2] DEBUG karate.org.apache.http.conn.ssl.SSLConnectionSocketFactory - Enabled protocols: [TLSv1, TLSv1.1, TLSv1.2]
11:39:14.765 [pool-1-thread-2] DEBUG karate.org.apache.http.conn.ssl.SSLConnectionSocketFactory - Enabled cipher suites:[TLS_ECDHE_ECDSA_WITH_AES_256_CBC_SHA384, TLS_ECDHE_RSA_WITH_AES_256_CBC_SHA384, TLS_RSA_WITH_AES_256_CBC_SHA256, TLS_ECDH_ECDSA_WITH_AES_256_CBC_SHA384, TLS_ECDH_RSA_WITH_AES_256_CBC_SHA384, TLS_DHE_RSA_WITH_AES_256_CBC_SHA256, TLS_DHE_DSS_WITH_AES_256_CBC_SHA256, TLS_ECDHE_ECDSA_WITH_AES_256_CBC_SHA, TLS_ECDHE_RSA_WITH_AES_256_CBC_SHA, TLS_RSA_WITH_AES_256_CBC_SHA, TLS_ECDH_ECDSA_WITH_AES_256_CBC_SHA, TLS_ECDH_RSA_WITH_AES_256_CBC_SHA, TLS_DHE_RSA_WITH_AES_256_CBC_SHA, TLS_DHE_DSS_WITH_AES_256_CBC_SHA, TLS_ECDHE_ECDSA_WITH_AES_128_CBC_SHA256, TLS_ECDHE_RSA_WITH_AES_128_CBC_SHA256, TLS_RSA_WITH_AES_128_CBC_SHA256, TLS_ECDH_ECDSA_WITH_AES_128_CBC_SHA256, TLS_ECDH_RSA_WITH_AES_128_CBC_SHA256, TLS_DHE_RSA_WITH_AES_128_CBC_SHA256, TLS_DHE_DSS_WITH_AES_128_CBC_SHA256, TLS_ECDHE_ECDSA_WITH_AES_128_CBC_SHA, TLS_ECDHE_RSA_WITH_AES_128_CBC_SHA, TLS_RSA_WITH_AES_128_CBC_SHA, TLS_ECDH_ECDSA_WITH_AES_128_CBC_SHA, TLS_ECDH_RSA_WITH_AES_128_CBC_SHA, TLS_DHE_RSA_WITH_AES_128_CBC_SHA, TLS_DHE_DSS_WITH_AES_128_CBC_SHA, TLS_ECDHE_ECDSA_WITH_AES_256_GCM_SHA384, TLS_ECDHE_ECDSA_WITH_AES_128_GCM_SHA256, TLS_ECDHE_RSA_WITH_AES_256_GCM_SHA384, TLS_RSA_WITH_AES_256_GCM_SHA384, TLS_ECDH_ECDSA_WITH_AES_256_GCM_SHA384, TLS_ECDH_RSA_WITH_AES_256_GCM_SHA384, TLS_DHE_RSA_WITH_AES_256_GCM_SHA384, TLS_DHE_DSS_WITH_AES_256_GCM_SHA384, TLS_ECDHE_RSA_WITH_AES_128_GCM_SHA256, TLS_RSA_WITH_AES_128_GCM_SHA256, TLS_ECDH_ECDSA_WITH_AES_128_GCM_SHA256, TLS_ECDH_RSA_WITH_AES_128_GCM_SHA256, TLS_DHE_RSA_WITH_AES_128_GCM_SHA256, TLS_DHE_DSS_WITH_AES_128_GCM_SHA256]
11:39:14.765 [pool-1-thread-2] DEBUG karate.org.apache.http.conn.ssl.SSLConnectionSocketFactory - Starting handshake
11:39:14.765 [pool-1-thread-1] DEBUG karate.org.apache.http.conn.ssl.SSLConnectionSocketFactory - Connecting socket to ops.enerbit.dev/20.65.19.185:443 with timeout 30000
11:39:14.850 [pool-1-thread-1] DEBUG karate.org.apache.http.conn.ssl.SSLConnectionSocketFactory - Enabled protocols: [TLSv1, TLSv1.1, TLSv1.2]
11:39:14.850 [pool-1-thread-1] DEBUG karate.org.apache.http.conn.ssl.SSLConnectionSocketFactory - Enabled cipher suites:[TLS_ECDHE_ECDSA_WITH_AES_256_CBC_SHA384, TLS_ECDHE_RSA_WITH_AES_256_CBC_SHA384, TLS_RSA_WITH_AES_256_CBC_SHA256, TLS_ECDH_ECDSA_WITH_AES_256_CBC_SHA384, TLS_ECDH_RSA_WITH_AES_256_CBC_SHA384, TLS_DHE_RSA_WITH_AES_256_CBC_SHA256, TLS_DHE_DSS_WITH_AES_256_CBC_SHA256, TLS_ECDHE_ECDSA_WITH_AES_256_CBC_SHA, TLS_ECDHE_RSA_WITH_AES_256_CBC_SHA, TLS_RSA_WITH_AES_256_CBC_SHA, TLS_ECDH_ECDSA_WITH_AES_256_CBC_SHA, TLS_ECDH_RSA_WITH_AES_256_CBC_SHA, TLS_DHE_RSA_WITH_AES_256_CBC_SHA, TLS_DHE_DSS_WITH_AES_256_CBC_SHA, TLS_ECDHE_ECDSA_WITH_AES_128_CBC_SHA256, TLS_ECDHE_RSA_WITH_AES_128_CBC_SHA256, TLS_RSA_WITH_AES_128_CBC_SHA256, TLS_ECDH_ECDSA_WITH_AES_128_CBC_SHA256, TLS_ECDH_RSA_WITH_AES_128_CBC_SHA256, TLS_DHE_RSA_WITH_AES_128_CBC_SHA256, TLS_DHE_DSS_WITH_AES_128_CBC_SHA256, TLS_ECDHE_ECDSA_WITH_AES_128_CBC_SHA, TLS_ECDHE_RSA_WITH_AES_128_CBC_SHA, TLS_RSA_WITH_AES_128_CBC_SHA, TLS_ECDH_ECDSA_WITH_AES_128_CBC_SHA, TLS_ECDH_RSA_WITH_AES_128_CBC_SHA, TLS_DHE_RSA_WITH_AES_128_CBC_SHA, TLS_DHE_DSS_WITH_AES_128_CBC_SHA, TLS_ECDHE_ECDSA_WITH_AES_256_GCM_SHA384, TLS_ECDHE_ECDSA_WITH_AES_128_GCM_SHA256, TLS_ECDHE_RSA_WITH_AES_256_GCM_SHA384, TLS_RSA_WITH_AES_256_GCM_SHA384, TLS_ECDH_ECDSA_WITH_AES_256_GCM_SHA384, TLS_ECDH_RSA_WITH_AES_256_GCM_SHA384, TLS_DHE_RSA_WITH_AES_256_GCM_SHA384, TLS_DHE_DSS_WITH_AES_256_GCM_SHA384, TLS_ECDHE_RSA_WITH_AES_128_GCM_SHA256, TLS_RSA_WITH_AES_128_GCM_SHA256, TLS_ECDH_ECDSA_WITH_AES_128_GCM_SHA256, TLS_ECDH_RSA_WITH_AES_128_GCM_SHA256, TLS_DHE_RSA_WITH_AES_128_GCM_SHA256, TLS_DHE_DSS_WITH_AES_128_GCM_SHA256]
11:39:14.850 [pool-1-thread-1] DEBUG karate.org.apache.http.conn.ssl.SSLConnectionSocketFactory - Starting handshake
11:39:14.933 [pool-1-thread-2] DEBUG karate.org.apache.http.conn.ssl.SSLConnectionSocketFactory - Secure session established
11:39:14.933 [pool-1-thread-2] DEBUG karate.org.apache.http.conn.ssl.SSLConnectionSocketFactory -  negotiated protocol: TLSv1.2
11:39:14.933 [pool-1-thread-2] DEBUG karate.org.apache.http.conn.ssl.SSLConnectionSocketFactory -  negotiated cipher suite: TLS_ECDHE_RSA_WITH_AES_128_GCM_SHA256
11:39:14.933 [pool-1-thread-2] DEBUG karate.org.apache.http.conn.ssl.SSLConnectionSocketFactory -  peer principal: CN=ops.enerbit.dev
11:39:14.933 [pool-1-thread-2] DEBUG karate.org.apache.http.conn.ssl.SSLConnectionSocketFactory -  peer alternative names: [ops.enerbit.dev]
11:39:14.933 [pool-1-thread-2] DEBUG karate.org.apache.http.conn.ssl.SSLConnectionSocketFactory -  issuer principal: CN=R3, O=Let's Encrypt, C=US
11:39:14.934 [pool-1-thread-2] DEBUG karate.org.apache.http.impl.conn.DefaultHttpClientConnectionOperator - Connection established 192.168.1.4:58227<->20.65.19.185:443
11:39:14.934 [pool-1-thread-2] DEBUG karate.org.apache.http.impl.conn.DefaultManagedHttpClientConnection - http-outgoing-2: set socket timeout to 30000
11:39:14.934 [pool-1-thread-2] DEBUG karate.org.apache.http.impl.execchain.MainClientExec - Executing request DELETE /learning/api/v1/meters HTTP/1.1
11:39:14.934 [pool-1-thread-2] DEBUG karate.org.apache.http.impl.execchain.MainClientExec - Target auth state: UNCHALLENGED
11:39:14.934 [pool-1-thread-2] DEBUG karate.org.apache.http.impl.execchain.MainClientExec - Proxy auth state: UNCHALLENGED
11:39:14.935 [pool-1-thread-2] DEBUG karate.org.apache.http.headers - http-outgoing-2 >> DELETE /learning/api/v1/meters HTTP/1.1
11:39:14.935 [pool-1-thread-2] DEBUG karate.org.apache.http.headers - http-outgoing-2 >> Host: ops.enerbit.dev
11:39:14.935 [pool-1-thread-2] DEBUG karate.org.apache.http.headers - http-outgoing-2 >> Connection: Keep-Alive
11:39:14.935 [pool-1-thread-2] DEBUG karate.org.apache.http.headers - http-outgoing-2 >> User-Agent: Apache-HttpClient/4.5.13 (Java/1.8.0_202)
11:39:14.935 [pool-1-thread-2] DEBUG karate.org.apache.http.headers - http-outgoing-2 >> Accept-Encoding: gzip,deflate
11:39:14.935 [pool-1-thread-2] DEBUG karate.org.apache.http.wire - http-outgoing-2 >> "DELETE /learning/api/v1/meters HTTP/1.1[\r][\n]"
11:39:14.935 [pool-1-thread-2] DEBUG karate.org.apache.http.wire - http-outgoing-2 >> "Host: ops.enerbit.dev[\r][\n]"
11:39:14.935 [pool-1-thread-2] DEBUG karate.org.apache.http.wire - http-outgoing-2 >> "Connection: Keep-Alive[\r][\n]"
11:39:14.935 [pool-1-thread-2] DEBUG karate.org.apache.http.wire - http-outgoing-2 >> "User-Agent: Apache-HttpClient/4.5.13 (Java/1.8.0_202)[\r][\n]"
11:39:14.935 [pool-1-thread-2] DEBUG karate.org.apache.http.wire - http-outgoing-2 >> "Accept-Encoding: gzip,deflate[\r][\n]"
11:39:14.935 [pool-1-thread-2] DEBUG karate.org.apache.http.wire - http-outgoing-2 >> "[\r][\n]"
11:39:14.958 [pool-1-thread-1] DEBUG karate.org.apache.http.conn.ssl.SSLConnectionSocketFactory - Secure session established
11:39:14.958 [pool-1-thread-1] DEBUG karate.org.apache.http.conn.ssl.SSLConnectionSocketFactory -  negotiated protocol: TLSv1.2
11:39:14.958 [pool-1-thread-1] DEBUG karate.org.apache.http.conn.ssl.SSLConnectionSocketFactory -  negotiated cipher suite: TLS_ECDHE_RSA_WITH_AES_128_GCM_SHA256
11:39:14.958 [pool-1-thread-1] DEBUG karate.org.apache.http.conn.ssl.SSLConnectionSocketFactory -  peer principal: CN=ops.enerbit.dev
11:39:14.958 [pool-1-thread-1] DEBUG karate.org.apache.http.conn.ssl.SSLConnectionSocketFactory -  peer alternative names: [ops.enerbit.dev]
11:39:14.959 [pool-1-thread-1] DEBUG karate.org.apache.http.conn.ssl.SSLConnectionSocketFactory -  issuer principal: CN=R3, O=Let's Encrypt, C=US
11:39:14.959 [pool-1-thread-1] DEBUG karate.org.apache.http.impl.conn.DefaultHttpClientConnectionOperator - Connection established 192.168.1.4:58228<->20.65.19.185:443
11:39:14.959 [pool-1-thread-1] DEBUG karate.org.apache.http.impl.conn.DefaultManagedHttpClientConnection - http-outgoing-3: set socket timeout to 30000
11:39:14.959 [pool-1-thread-1] DEBUG karate.org.apache.http.impl.execchain.MainClientExec - Executing request DELETE /learning/api/v1/meters/414 HTTP/1.1
11:39:14.959 [pool-1-thread-1] DEBUG karate.org.apache.http.impl.execchain.MainClientExec - Target auth state: UNCHALLENGED
11:39:14.959 [pool-1-thread-1] DEBUG karate.org.apache.http.impl.execchain.MainClientExec - Proxy auth state: UNCHALLENGED
11:39:14.959 [pool-1-thread-1] DEBUG karate.org.apache.http.headers - http-outgoing-3 >> DELETE /learning/api/v1/meters/414 HTTP/1.1
11:39:14.959 [pool-1-thread-1] DEBUG karate.org.apache.http.headers - http-outgoing-3 >> Host: ops.enerbit.dev
11:39:14.959 [pool-1-thread-1] DEBUG karate.org.apache.http.headers - http-outgoing-3 >> Connection: Keep-Alive
11:39:14.959 [pool-1-thread-1] DEBUG karate.org.apache.http.headers - http-outgoing-3 >> User-Agent: Apache-HttpClient/4.5.13 (Java/1.8.0_202)
11:39:14.959 [pool-1-thread-1] DEBUG karate.org.apache.http.headers - http-outgoing-3 >> Accept-Encoding: gzip,deflate
11:39:14.959 [pool-1-thread-1] DEBUG karate.org.apache.http.wire - http-outgoing-3 >> "DELETE /learning/api/v1/meters/414 HTTP/1.1[\r][\n]"
11:39:14.959 [pool-1-thread-1] DEBUG karate.org.apache.http.wire - http-outgoing-3 >> "Host: ops.enerbit.dev[\r][\n]"
11:39:14.960 [pool-1-thread-1] DEBUG karate.org.apache.http.wire - http-outgoing-3 >> "Connection: Keep-Alive[\r][\n]"
11:39:14.960 [pool-1-thread-1] DEBUG karate.org.apache.http.wire - http-outgoing-3 >> "User-Agent: Apache-HttpClient/4.5.13 (Java/1.8.0_202)[\r][\n]"
11:39:14.960 [pool-1-thread-1] DEBUG karate.org.apache.http.wire - http-outgoing-3 >> "Accept-Encoding: gzip,deflate[\r][\n]"
11:39:14.960 [pool-1-thread-1] DEBUG karate.org.apache.http.wire - http-outgoing-3 >> "[\r][\n]"
11:39:15.020 [pool-1-thread-2] DEBUG karate.org.apache.http.wire - http-outgoing-2 << "HTTP/1.1 405 Method Not Allowed[\r][\n]"
11:39:15.020 [pool-1-thread-2] DEBUG karate.org.apache.http.wire - http-outgoing-2 << "Date: Sun, 02 Jul 2023 16:39:15 GMT[\r][\n]"
11:39:15.020 [pool-1-thread-2] DEBUG karate.org.apache.http.wire - http-outgoing-2 << "Content-Type: application/json[\r][\n]"
11:39:15.020 [pool-1-thread-2] DEBUG karate.org.apache.http.wire - http-outgoing-2 << "Content-Length: 31[\r][\n]"
11:39:15.020 [pool-1-thread-2] DEBUG karate.org.apache.http.wire - http-outgoing-2 << "Connection: keep-alive[\r][\n]"
11:39:15.020 [pool-1-thread-2] DEBUG karate.org.apache.http.wire - http-outgoing-2 << "Strict-Transport-Security: max-age=15724800; includeSubDomains[\r][\n]"
11:39:15.020 [pool-1-thread-2] DEBUG karate.org.apache.http.wire - http-outgoing-2 << "Access-Control-Allow-Origin: *[\r][\n]"
11:39:15.020 [pool-1-thread-2] DEBUG karate.org.apache.http.wire - http-outgoing-2 << "Access-Control-Allow-Credentials: true[\r][\n]"
11:39:15.020 [pool-1-thread-2] DEBUG karate.org.apache.http.wire - http-outgoing-2 << "Access-Control-Allow-Methods: GET, PUT, POST, DELETE, PATCH, OPTIONS[\r][\n]"
11:39:15.020 [pool-1-thread-2] DEBUG karate.org.apache.http.wire - http-outgoing-2 << "Access-Control-Allow-Headers: DNT,Keep-Alive,User-Agent,X-Requested-With,If-Modified-Since,Cache-Control,Content-Type,Range,Authorization[\r][\n]"
11:39:15.020 [pool-1-thread-2] DEBUG karate.org.apache.http.wire - http-outgoing-2 << "Access-Control-Max-Age: 1728000[\r][\n]"
11:39:15.020 [pool-1-thread-2] DEBUG karate.org.apache.http.wire - http-outgoing-2 << "[\r][\n]"
11:39:15.020 [pool-1-thread-2] DEBUG karate.org.apache.http.wire - http-outgoing-2 << "{"detail":"Method Not Allowed"}"
11:39:15.021 [pool-1-thread-2] DEBUG karate.org.apache.http.headers - http-outgoing-2 << HTTP/1.1 405 Method Not Allowed
11:39:15.021 [pool-1-thread-2] DEBUG karate.org.apache.http.headers - http-outgoing-2 << Date: Sun, 02 Jul 2023 16:39:15 GMT
11:39:15.022 [pool-1-thread-2] DEBUG karate.org.apache.http.headers - http-outgoing-2 << Content-Type: application/json
11:39:15.022 [pool-1-thread-2] DEBUG karate.org.apache.http.headers - http-outgoing-2 << Content-Length: 31
11:39:15.022 [pool-1-thread-2] DEBUG karate.org.apache.http.headers - http-outgoing-2 << Connection: keep-alive
11:39:15.022 [pool-1-thread-2] DEBUG karate.org.apache.http.headers - http-outgoing-2 << Strict-Transport-Security: max-age=15724800; includeSubDomains
11:39:15.022 [pool-1-thread-2] DEBUG karate.org.apache.http.headers - http-outgoing-2 << Access-Control-Allow-Origin: *
11:39:15.022 [pool-1-thread-2] DEBUG karate.org.apache.http.headers - http-outgoing-2 << Access-Control-Allow-Credentials: true
11:39:15.022 [pool-1-thread-2] DEBUG karate.org.apache.http.headers - http-outgoing-2 << Access-Control-Allow-Methods: GET, PUT, POST, DELETE, PATCH, OPTIONS
11:39:15.022 [pool-1-thread-2] DEBUG karate.org.apache.http.headers - http-outgoing-2 << Access-Control-Allow-Headers: DNT,Keep-Alive,User-Agent,X-Requested-With,If-Modified-Since,Cache-Control,Content-Type,Range,Authorization
11:39:15.022 [pool-1-thread-2] DEBUG karate.org.apache.http.headers - http-outgoing-2 << Access-Control-Max-Age: 1728000
11:39:15.022 [pool-1-thread-2] DEBUG karate.org.apache.http.impl.execchain.MainClientExec - Connection can be kept alive indefinitely
11:39:15.022 [pool-1-thread-2] DEBUG karate.org.apache.http.impl.conn.PoolingHttpClientConnectionManager - Connection [id: 2][route: {s}->https://ops.enerbit.dev:443] can be kept alive indefinitely
11:39:15.022 [pool-1-thread-2] DEBUG karate.org.apache.http.impl.conn.DefaultManagedHttpClientConnection - http-outgoing-2: set socket timeout to 0
11:39:15.022 [pool-1-thread-2] DEBUG karate.org.apache.http.impl.conn.PoolingHttpClientConnectionManager - Connection released: [id: 2][route: {s}->https://ops.enerbit.dev:443][total available: 1; route allocated: 1 of 5; total allocated: 1 of 10]
11:39:15.023 [pool-1-thread-2] DEBUG com.intuit.karate - response time in milliseconds: 343
1 < 405
1 < Date: Sun, 02 Jul 2023 16:39:15 GMT
1 < Content-Type: application/json
1 < Content-Length: 31
1 < Connection: keep-alive
1 < Strict-Transport-Security: max-age=15724800; includeSubDomains
1 < Access-Control-Allow-Origin: *
1 < Access-Control-Allow-Credentials: true
1 < Access-Control-Allow-Methods: GET, PUT, POST, DELETE, PATCH, OPTIONS
1 < Access-Control-Allow-Headers: DNT,Keep-Alive,User-Agent,X-Requested-With,If-Modified-Since,Cache-Control,Content-Type,Range,Authorization
1 < Access-Control-Max-Age: 1728000
{"detail":"Method Not Allowed"}

11:39:15.025 [pool-1-thread-2] DEBUG com.jayway.jsonpath.internal.path.CompiledPath - Evaluating path: $['detail']
11:39:15.048 [pool-1-thread-2] DEBUG com.jayway.jsonpath.internal.path.CompiledPath - Evaluating path: $
11:39:15.051 [pool-1-thread-2] DEBUG karate.org.apache.http.client.protocol.RequestAddCookies - CookieSpec selected: karate
11:39:15.051 [pool-1-thread-2] DEBUG karate.org.apache.http.client.protocol.RequestAuthCache - Auth cache not set in the context
11:39:15.051 [pool-1-thread-2] DEBUG com.intuit.karate - request:
1 > DELETE https://ops.enerbit.dev/learning/api/v1/meters/invalid%20data
1 > Host: ops.enerbit.dev
1 > Connection: Keep-Alive
1 > User-Agent: Apache-HttpClient/4.5.13 (Java/1.8.0_202)
1 > Accept-Encoding: gzip,deflate


11:39:15.052 [pool-1-thread-2] DEBUG karate.org.apache.http.impl.conn.PoolingHttpClientConnectionManager - Connection request: [route: {s}->https://ops.enerbit.dev:443][total available: 0; route allocated: 0 of 5; total allocated: 0 of 10]
11:39:15.053 [pool-1-thread-2] DEBUG karate.org.apache.http.impl.conn.PoolingHttpClientConnectionManager - Connection leased: [id: 4][route: {s}->https://ops.enerbit.dev:443][total available: 0; route allocated: 1 of 5; total allocated: 1 of 10]
11:39:15.053 [pool-1-thread-2] DEBUG karate.org.apache.http.impl.execchain.MainClientExec - Opening connection {s}->https://ops.enerbit.dev:443
11:39:15.054 [pool-1-thread-2] DEBUG karate.org.apache.http.impl.conn.DefaultHttpClientConnectionOperator - Connecting to ops.enerbit.dev/20.65.19.185:443
11:39:15.054 [pool-1-thread-2] DEBUG karate.org.apache.http.conn.ssl.SSLConnectionSocketFactory - Connecting socket to ops.enerbit.dev/20.65.19.185:443 with timeout 30000
11:39:15.061 [pool-1-thread-1] DEBUG karate.org.apache.http.wire - http-outgoing-3 << "HTTP/1.1 202 Accepted[\r][\n]"
11:39:15.061 [pool-1-thread-1] DEBUG karate.org.apache.http.wire - http-outgoing-3 << "Date: Sun, 02 Jul 2023 16:39:15 GMT[\r][\n]"
11:39:15.061 [pool-1-thread-1] DEBUG karate.org.apache.http.wire - http-outgoing-3 << "Content-Type: application/json[\r][\n]"
11:39:15.061 [pool-1-thread-1] DEBUG karate.org.apache.http.wire - http-outgoing-3 << "Content-Length: 320[\r][\n]"
11:39:15.061 [pool-1-thread-1] DEBUG karate.org.apache.http.wire - http-outgoing-3 << "Connection: keep-alive[\r][\n]"
11:39:15.061 [pool-1-thread-1] DEBUG karate.org.apache.http.wire - http-outgoing-3 << "Strict-Transport-Security: max-age=15724800; includeSubDomains[\r][\n]"
11:39:15.061 [pool-1-thread-1] DEBUG karate.org.apache.http.wire - http-outgoing-3 << "Access-Control-Allow-Origin: *[\r][\n]"
11:39:15.061 [pool-1-thread-1] DEBUG karate.org.apache.http.wire - http-outgoing-3 << "Access-Control-Allow-Credentials: true[\r][\n]"
11:39:15.061 [pool-1-thread-1] DEBUG karate.org.apache.http.wire - http-outgoing-3 << "Access-Control-Allow-Methods: GET, PUT, POST, DELETE, PATCH, OPTIONS[\r][\n]"
11:39:15.061 [pool-1-thread-1] DEBUG karate.org.apache.http.wire - http-outgoing-3 << "Access-Control-Allow-Headers: DNT,Keep-Alive,User-Agent,X-Requested-With,If-Modified-Since,Cache-Control,Content-Type,Range,Authorization[\r][\n]"
11:39:15.061 [pool-1-thread-1] DEBUG karate.org.apache.http.wire - http-outgoing-3 << "Access-Control-Max-Age: 1728000[\r][\n]"
11:39:15.061 [pool-1-thread-1] DEBUG karate.org.apache.http.wire - http-outgoing-3 << "[\r][\n]"
11:39:15.061 [pool-1-thread-1] DEBUG karate.org.apache.http.wire - http-outgoing-3 << "{"serial":"3424234233kj","connection_type":"directa","storage_system":"interno","condition":"nuevo","owner":"RF","location":"Almacen ","manufacturer":"yes","purchase":"2022-07-28 03:08:49.340514","i_max":6345.654,"i_b":21.5,"i_n":876.5,"seals":545.65,"id":414,"created_at":"2023-07-02T16:39:15.021402","updated_at":null}"
11:39:15.062 [pool-1-thread-1] DEBUG karate.org.apache.http.headers - http-outgoing-3 << HTTP/1.1 202 Accepted
11:39:15.062 [pool-1-thread-1] DEBUG karate.org.apache.http.headers - http-outgoing-3 << Date: Sun, 02 Jul 2023 16:39:15 GMT
11:39:15.062 [pool-1-thread-1] DEBUG karate.org.apache.http.headers - http-outgoing-3 << Content-Type: application/json
11:39:15.062 [pool-1-thread-1] DEBUG karate.org.apache.http.headers - http-outgoing-3 << Content-Length: 320
11:39:15.062 [pool-1-thread-1] DEBUG karate.org.apache.http.headers - http-outgoing-3 << Connection: keep-alive
11:39:15.062 [pool-1-thread-1] DEBUG karate.org.apache.http.headers - http-outgoing-3 << Strict-Transport-Security: max-age=15724800; includeSubDomains
11:39:15.062 [pool-1-thread-1] DEBUG karate.org.apache.http.headers - http-outgoing-3 << Access-Control-Allow-Origin: *
11:39:15.062 [pool-1-thread-1] DEBUG karate.org.apache.http.headers - http-outgoing-3 << Access-Control-Allow-Credentials: true
11:39:15.062 [pool-1-thread-1] DEBUG karate.org.apache.http.headers - http-outgoing-3 << Access-Control-Allow-Methods: GET, PUT, POST, DELETE, PATCH, OPTIONS
11:39:15.062 [pool-1-thread-1] DEBUG karate.org.apache.http.headers - http-outgoing-3 << Access-Control-Allow-Headers: DNT,Keep-Alive,User-Agent,X-Requested-With,If-Modified-Since,Cache-Control,Content-Type,Range,Authorization
11:39:15.062 [pool-1-thread-1] DEBUG karate.org.apache.http.headers - http-outgoing-3 << Access-Control-Max-Age: 1728000
11:39:15.062 [pool-1-thread-1] DEBUG karate.org.apache.http.impl.execchain.MainClientExec - Connection can be kept alive indefinitely
11:39:15.062 [pool-1-thread-1] DEBUG karate.org.apache.http.impl.conn.PoolingHttpClientConnectionManager - Connection [id: 3][route: {s}->https://ops.enerbit.dev:443] can be kept alive indefinitely
11:39:15.063 [pool-1-thread-1] DEBUG karate.org.apache.http.impl.conn.DefaultManagedHttpClientConnection - http-outgoing-3: set socket timeout to 0
11:39:15.063 [pool-1-thread-1] DEBUG karate.org.apache.http.impl.conn.PoolingHttpClientConnectionManager - Connection released: [id: 3][route: {s}->https://ops.enerbit.dev:443][total available: 1; route allocated: 1 of 5; total allocated: 1 of 10]
11:39:15.064 [pool-1-thread-1] DEBUG com.intuit.karate - response time in milliseconds: 302
2 < 202
2 < Date: Sun, 02 Jul 2023 16:39:15 GMT
2 < Content-Type: application/json
2 < Content-Length: 320
2 < Connection: keep-alive
2 < Strict-Transport-Security: max-age=15724800; includeSubDomains
2 < Access-Control-Allow-Origin: *
2 < Access-Control-Allow-Credentials: true
2 < Access-Control-Allow-Methods: GET, PUT, POST, DELETE, PATCH, OPTIONS
2 < Access-Control-Allow-Headers: DNT,Keep-Alive,User-Agent,X-Requested-With,If-Modified-Since,Cache-Control,Content-Type,Range,Authorization
2 < Access-Control-Max-Age: 1728000
{"serial":"3424234233kj","connection_type":"directa","storage_system":"interno","condition":"nuevo","owner":"RF","location":"Almacen ","manufacturer":"yes","purchase":"2022-07-28 03:08:49.340514","i_max":6345.654,"i_b":21.5,"i_n":876.5,"seals":545.65,"id":414,"created_at":"2023-07-02T16:39:15.021402","updated_at":null}

11:39:15.079 [pool-1-thread-1] INFO com.intuit.karate.core.FeatureRuntime - classpath:meterManagerTest/meterGet/../meterPost/utils-post.feature - call by tag at line 5: Createmeter
11:39:15.087 [pool-1-thread-1] DEBUG com.jayway.jsonpath.internal.path.CompiledPath - Evaluating path: $
11:39:15.089 [pool-1-thread-1] DEBUG karate.org.apache.http.client.protocol.RequestAddCookies - CookieSpec selected: karate
11:39:15.090 [pool-1-thread-1] DEBUG karate.org.apache.http.client.protocol.RequestAuthCache - Auth cache not set in the context
11:39:15.090 [pool-1-thread-1] DEBUG com.intuit.karate - request:
1 > POST https://ops.enerbit.dev/learning/api/v1/meters
1 > Content-Type: application/json; charset=UTF-8
1 > Content-Length: 251
1 > Host: ops.enerbit.dev
1 > Connection: Keep-Alive
1 > User-Agent: Apache-HttpClient/4.5.13 (Java/1.8.0_202)
1 > Accept-Encoding: gzip,deflate
{"serial":"3424234233kj","connection_type":"directa","storage_system":"interno","condition":"nuevo","owner":"RF","location":"Almacen ","manufacturer":"yes","purchase":"2022-07-28 03:08:49.340514","i_max":6345.654,"i_b":21.5,"i_n":876.5,"seals":545.65}

11:39:15.090 [pool-1-thread-1] DEBUG karate.org.apache.http.impl.conn.PoolingHttpClientConnectionManager - Connection request: [route: {s}->https://ops.enerbit.dev:443][total available: 0; route allocated: 0 of 5; total allocated: 0 of 10]
11:39:15.090 [pool-1-thread-1] DEBUG karate.org.apache.http.impl.conn.PoolingHttpClientConnectionManager - Connection leased: [id: 5][route: {s}->https://ops.enerbit.dev:443][total available: 0; route allocated: 1 of 5; total allocated: 1 of 10]
11:39:15.090 [pool-1-thread-1] DEBUG karate.org.apache.http.impl.execchain.MainClientExec - Opening connection {s}->https://ops.enerbit.dev:443
11:39:15.091 [pool-1-thread-1] DEBUG karate.org.apache.http.impl.conn.DefaultHttpClientConnectionOperator - Connecting to ops.enerbit.dev/20.65.19.185:443
11:39:15.091 [pool-1-thread-1] DEBUG karate.org.apache.http.conn.ssl.SSLConnectionSocketFactory - Connecting socket to ops.enerbit.dev/20.65.19.185:443 with timeout 30000
11:39:15.135 [pool-1-thread-2] DEBUG karate.org.apache.http.conn.ssl.SSLConnectionSocketFactory - Enabled protocols: [TLSv1, TLSv1.1, TLSv1.2]
11:39:15.135 [pool-1-thread-2] DEBUG karate.org.apache.http.conn.ssl.SSLConnectionSocketFactory - Enabled cipher suites:[TLS_ECDHE_ECDSA_WITH_AES_256_CBC_SHA384, TLS_ECDHE_RSA_WITH_AES_256_CBC_SHA384, TLS_RSA_WITH_AES_256_CBC_SHA256, TLS_ECDH_ECDSA_WITH_AES_256_CBC_SHA384, TLS_ECDH_RSA_WITH_AES_256_CBC_SHA384, TLS_DHE_RSA_WITH_AES_256_CBC_SHA256, TLS_DHE_DSS_WITH_AES_256_CBC_SHA256, TLS_ECDHE_ECDSA_WITH_AES_256_CBC_SHA, TLS_ECDHE_RSA_WITH_AES_256_CBC_SHA, TLS_RSA_WITH_AES_256_CBC_SHA, TLS_ECDH_ECDSA_WITH_AES_256_CBC_SHA, TLS_ECDH_RSA_WITH_AES_256_CBC_SHA, TLS_DHE_RSA_WITH_AES_256_CBC_SHA, TLS_DHE_DSS_WITH_AES_256_CBC_SHA, TLS_ECDHE_ECDSA_WITH_AES_128_CBC_SHA256, TLS_ECDHE_RSA_WITH_AES_128_CBC_SHA256, TLS_RSA_WITH_AES_128_CBC_SHA256, TLS_ECDH_ECDSA_WITH_AES_128_CBC_SHA256, TLS_ECDH_RSA_WITH_AES_128_CBC_SHA256, TLS_DHE_RSA_WITH_AES_128_CBC_SHA256, TLS_DHE_DSS_WITH_AES_128_CBC_SHA256, TLS_ECDHE_ECDSA_WITH_AES_128_CBC_SHA, TLS_ECDHE_RSA_WITH_AES_128_CBC_SHA, TLS_RSA_WITH_AES_128_CBC_SHA, TLS_ECDH_ECDSA_WITH_AES_128_CBC_SHA, TLS_ECDH_RSA_WITH_AES_128_CBC_SHA, TLS_DHE_RSA_WITH_AES_128_CBC_SHA, TLS_DHE_DSS_WITH_AES_128_CBC_SHA, TLS_ECDHE_ECDSA_WITH_AES_256_GCM_SHA384, TLS_ECDHE_ECDSA_WITH_AES_128_GCM_SHA256, TLS_ECDHE_RSA_WITH_AES_256_GCM_SHA384, TLS_RSA_WITH_AES_256_GCM_SHA384, TLS_ECDH_ECDSA_WITH_AES_256_GCM_SHA384, TLS_ECDH_RSA_WITH_AES_256_GCM_SHA384, TLS_DHE_RSA_WITH_AES_256_GCM_SHA384, TLS_DHE_DSS_WITH_AES_256_GCM_SHA384, TLS_ECDHE_RSA_WITH_AES_128_GCM_SHA256, TLS_RSA_WITH_AES_128_GCM_SHA256, TLS_ECDH_ECDSA_WITH_AES_128_GCM_SHA256, TLS_ECDH_RSA_WITH_AES_128_GCM_SHA256, TLS_DHE_RSA_WITH_AES_128_GCM_SHA256, TLS_DHE_DSS_WITH_AES_128_GCM_SHA256]
11:39:15.135 [pool-1-thread-2] DEBUG karate.org.apache.http.conn.ssl.SSLConnectionSocketFactory - Starting handshake
11:39:15.173 [pool-1-thread-1] DEBUG karate.org.apache.http.conn.ssl.SSLConnectionSocketFactory - Enabled protocols: [TLSv1, TLSv1.1, TLSv1.2]
11:39:15.173 [pool-1-thread-1] DEBUG karate.org.apache.http.conn.ssl.SSLConnectionSocketFactory - Enabled cipher suites:[TLS_ECDHE_ECDSA_WITH_AES_256_CBC_SHA384, TLS_ECDHE_RSA_WITH_AES_256_CBC_SHA384, TLS_RSA_WITH_AES_256_CBC_SHA256, TLS_ECDH_ECDSA_WITH_AES_256_CBC_SHA384, TLS_ECDH_RSA_WITH_AES_256_CBC_SHA384, TLS_DHE_RSA_WITH_AES_256_CBC_SHA256, TLS_DHE_DSS_WITH_AES_256_CBC_SHA256, TLS_ECDHE_ECDSA_WITH_AES_256_CBC_SHA, TLS_ECDHE_RSA_WITH_AES_256_CBC_SHA, TLS_RSA_WITH_AES_256_CBC_SHA, TLS_ECDH_ECDSA_WITH_AES_256_CBC_SHA, TLS_ECDH_RSA_WITH_AES_256_CBC_SHA, TLS_DHE_RSA_WITH_AES_256_CBC_SHA, TLS_DHE_DSS_WITH_AES_256_CBC_SHA, TLS_ECDHE_ECDSA_WITH_AES_128_CBC_SHA256, TLS_ECDHE_RSA_WITH_AES_128_CBC_SHA256, TLS_RSA_WITH_AES_128_CBC_SHA256, TLS_ECDH_ECDSA_WITH_AES_128_CBC_SHA256, TLS_ECDH_RSA_WITH_AES_128_CBC_SHA256, TLS_DHE_RSA_WITH_AES_128_CBC_SHA256, TLS_DHE_DSS_WITH_AES_128_CBC_SHA256, TLS_ECDHE_ECDSA_WITH_AES_128_CBC_SHA, TLS_ECDHE_RSA_WITH_AES_128_CBC_SHA, TLS_RSA_WITH_AES_128_CBC_SHA, TLS_ECDH_ECDSA_WITH_AES_128_CBC_SHA, TLS_ECDH_RSA_WITH_AES_128_CBC_SHA, TLS_DHE_RSA_WITH_AES_128_CBC_SHA, TLS_DHE_DSS_WITH_AES_128_CBC_SHA, TLS_ECDHE_ECDSA_WITH_AES_256_GCM_SHA384, TLS_ECDHE_ECDSA_WITH_AES_128_GCM_SHA256, TLS_ECDHE_RSA_WITH_AES_256_GCM_SHA384, TLS_RSA_WITH_AES_256_GCM_SHA384, TLS_ECDH_ECDSA_WITH_AES_256_GCM_SHA384, TLS_ECDH_RSA_WITH_AES_256_GCM_SHA384, TLS_DHE_RSA_WITH_AES_256_GCM_SHA384, TLS_DHE_DSS_WITH_AES_256_GCM_SHA384, TLS_ECDHE_RSA_WITH_AES_128_GCM_SHA256, TLS_RSA_WITH_AES_128_GCM_SHA256, TLS_ECDH_ECDSA_WITH_AES_128_GCM_SHA256, TLS_ECDH_RSA_WITH_AES_128_GCM_SHA256, TLS_DHE_RSA_WITH_AES_128_GCM_SHA256, TLS_DHE_DSS_WITH_AES_128_GCM_SHA256]
11:39:15.173 [pool-1-thread-1] DEBUG karate.org.apache.http.conn.ssl.SSLConnectionSocketFactory - Starting handshake
11:39:15.247 [pool-1-thread-2] DEBUG karate.org.apache.http.conn.ssl.SSLConnectionSocketFactory - Secure session established
11:39:15.247 [pool-1-thread-2] DEBUG karate.org.apache.http.conn.ssl.SSLConnectionSocketFactory -  negotiated protocol: TLSv1.2
11:39:15.247 [pool-1-thread-2] DEBUG karate.org.apache.http.conn.ssl.SSLConnectionSocketFactory -  negotiated cipher suite: TLS_ECDHE_RSA_WITH_AES_128_GCM_SHA256
11:39:15.247 [pool-1-thread-2] DEBUG karate.org.apache.http.conn.ssl.SSLConnectionSocketFactory -  peer principal: CN=ops.enerbit.dev
11:39:15.247 [pool-1-thread-2] DEBUG karate.org.apache.http.conn.ssl.SSLConnectionSocketFactory -  peer alternative names: [ops.enerbit.dev]
11:39:15.247 [pool-1-thread-2] DEBUG karate.org.apache.http.conn.ssl.SSLConnectionSocketFactory -  issuer principal: CN=R3, O=Let's Encrypt, C=US
11:39:15.247 [pool-1-thread-2] DEBUG karate.org.apache.http.impl.conn.DefaultHttpClientConnectionOperator - Connection established 192.168.1.4:56905<->20.65.19.185:443
11:39:15.247 [pool-1-thread-2] DEBUG karate.org.apache.http.impl.conn.DefaultManagedHttpClientConnection - http-outgoing-4: set socket timeout to 30000
11:39:15.248 [pool-1-thread-2] DEBUG karate.org.apache.http.impl.execchain.MainClientExec - Executing request DELETE /learning/api/v1/meters/invalid%20data HTTP/1.1
11:39:15.248 [pool-1-thread-2] DEBUG karate.org.apache.http.impl.execchain.MainClientExec - Target auth state: UNCHALLENGED
11:39:15.248 [pool-1-thread-2] DEBUG karate.org.apache.http.impl.execchain.MainClientExec - Proxy auth state: UNCHALLENGED
11:39:15.248 [pool-1-thread-2] DEBUG karate.org.apache.http.headers - http-outgoing-4 >> DELETE /learning/api/v1/meters/invalid%20data HTTP/1.1
11:39:15.248 [pool-1-thread-2] DEBUG karate.org.apache.http.headers - http-outgoing-4 >> Host: ops.enerbit.dev
11:39:15.248 [pool-1-thread-2] DEBUG karate.org.apache.http.headers - http-outgoing-4 >> Connection: Keep-Alive
11:39:15.248 [pool-1-thread-2] DEBUG karate.org.apache.http.headers - http-outgoing-4 >> User-Agent: Apache-HttpClient/4.5.13 (Java/1.8.0_202)
11:39:15.248 [pool-1-thread-2] DEBUG karate.org.apache.http.headers - http-outgoing-4 >> Accept-Encoding: gzip,deflate
11:39:15.248 [pool-1-thread-2] DEBUG karate.org.apache.http.wire - http-outgoing-4 >> "DELETE /learning/api/v1/meters/invalid%20data HTTP/1.1[\r][\n]"
11:39:15.248 [pool-1-thread-2] DEBUG karate.org.apache.http.wire - http-outgoing-4 >> "Host: ops.enerbit.dev[\r][\n]"
11:39:15.248 [pool-1-thread-2] DEBUG karate.org.apache.http.wire - http-outgoing-4 >> "Connection: Keep-Alive[\r][\n]"
11:39:15.248 [pool-1-thread-2] DEBUG karate.org.apache.http.wire - http-outgoing-4 >> "User-Agent: Apache-HttpClient/4.5.13 (Java/1.8.0_202)[\r][\n]"
11:39:15.248 [pool-1-thread-2] DEBUG karate.org.apache.http.wire - http-outgoing-4 >> "Accept-Encoding: gzip,deflate[\r][\n]"
11:39:15.248 [pool-1-thread-2] DEBUG karate.org.apache.http.wire - http-outgoing-4 >> "[\r][\n]"
11:39:15.275 [pool-1-thread-1] DEBUG karate.org.apache.http.conn.ssl.SSLConnectionSocketFactory - Secure session established
11:39:15.276 [pool-1-thread-1] DEBUG karate.org.apache.http.conn.ssl.SSLConnectionSocketFactory -  negotiated protocol: TLSv1.2
11:39:15.276 [pool-1-thread-1] DEBUG karate.org.apache.http.conn.ssl.SSLConnectionSocketFactory -  negotiated cipher suite: TLS_ECDHE_RSA_WITH_AES_128_GCM_SHA256
11:39:15.276 [pool-1-thread-1] DEBUG karate.org.apache.http.conn.ssl.SSLConnectionSocketFactory -  peer principal: CN=ops.enerbit.dev
11:39:15.276 [pool-1-thread-1] DEBUG karate.org.apache.http.conn.ssl.SSLConnectionSocketFactory -  peer alternative names: [ops.enerbit.dev]
11:39:15.276 [pool-1-thread-1] DEBUG karate.org.apache.http.conn.ssl.SSLConnectionSocketFactory -  issuer principal: CN=R3, O=Let's Encrypt, C=US
11:39:15.276 [pool-1-thread-1] DEBUG karate.org.apache.http.impl.conn.DefaultHttpClientConnectionOperator - Connection established 192.168.1.4:56906<->20.65.19.185:443
11:39:15.276 [pool-1-thread-1] DEBUG karate.org.apache.http.impl.conn.DefaultManagedHttpClientConnection - http-outgoing-5: set socket timeout to 30000
11:39:15.276 [pool-1-thread-1] DEBUG karate.org.apache.http.impl.execchain.MainClientExec - Executing request POST /learning/api/v1/meters HTTP/1.1
11:39:15.276 [pool-1-thread-1] DEBUG karate.org.apache.http.impl.execchain.MainClientExec - Target auth state: UNCHALLENGED
11:39:15.276 [pool-1-thread-1] DEBUG karate.org.apache.http.impl.execchain.MainClientExec - Proxy auth state: UNCHALLENGED
11:39:15.276 [pool-1-thread-1] DEBUG karate.org.apache.http.headers - http-outgoing-5 >> POST /learning/api/v1/meters HTTP/1.1
11:39:15.277 [pool-1-thread-1] DEBUG karate.org.apache.http.headers - http-outgoing-5 >> Content-Type: application/json; charset=UTF-8
11:39:15.277 [pool-1-thread-1] DEBUG karate.org.apache.http.headers - http-outgoing-5 >> Content-Length: 251
11:39:15.277 [pool-1-thread-1] DEBUG karate.org.apache.http.headers - http-outgoing-5 >> Host: ops.enerbit.dev
11:39:15.277 [pool-1-thread-1] DEBUG karate.org.apache.http.headers - http-outgoing-5 >> Connection: Keep-Alive
11:39:15.277 [pool-1-thread-1] DEBUG karate.org.apache.http.headers - http-outgoing-5 >> User-Agent: Apache-HttpClient/4.5.13 (Java/1.8.0_202)
11:39:15.277 [pool-1-thread-1] DEBUG karate.org.apache.http.headers - http-outgoing-5 >> Accept-Encoding: gzip,deflate
11:39:15.277 [pool-1-thread-1] DEBUG karate.org.apache.http.wire - http-outgoing-5 >> "POST /learning/api/v1/meters HTTP/1.1[\r][\n]"
11:39:15.277 [pool-1-thread-1] DEBUG karate.org.apache.http.wire - http-outgoing-5 >> "Content-Type: application/json; charset=UTF-8[\r][\n]"
11:39:15.277 [pool-1-thread-1] DEBUG karate.org.apache.http.wire - http-outgoing-5 >> "Content-Length: 251[\r][\n]"
11:39:15.277 [pool-1-thread-1] DEBUG karate.org.apache.http.wire - http-outgoing-5 >> "Host: ops.enerbit.dev[\r][\n]"
11:39:15.277 [pool-1-thread-1] DEBUG karate.org.apache.http.wire - http-outgoing-5 >> "Connection: Keep-Alive[\r][\n]"
11:39:15.277 [pool-1-thread-1] DEBUG karate.org.apache.http.wire - http-outgoing-5 >> "User-Agent: Apache-HttpClient/4.5.13 (Java/1.8.0_202)[\r][\n]"
11:39:15.277 [pool-1-thread-1] DEBUG karate.org.apache.http.wire - http-outgoing-5 >> "Accept-Encoding: gzip,deflate[\r][\n]"
11:39:15.277 [pool-1-thread-1] DEBUG karate.org.apache.http.wire - http-outgoing-5 >> "[\r][\n]"
11:39:15.277 [pool-1-thread-1] DEBUG karate.org.apache.http.wire - http-outgoing-5 >> "{"serial":"3424234233kj","connection_type":"directa","storage_system":"interno","condition":"nuevo","owner":"RF","location":"Almacen ","manufacturer":"yes","purchase":"2022-07-28 03:08:49.340514","i_max":6345.654,"i_b":21.5,"i_n":876.5,"seals":545.65}"
11:39:15.336 [pool-1-thread-2] DEBUG karate.org.apache.http.wire - http-outgoing-4 << "HTTP/1.1 422 Unprocessable Entity[\r][\n]"
11:39:15.336 [pool-1-thread-2] DEBUG karate.org.apache.http.wire - http-outgoing-4 << "Date: Sun, 02 Jul 2023 16:39:15 GMT[\r][\n]"
11:39:15.336 [pool-1-thread-2] DEBUG karate.org.apache.http.wire - http-outgoing-4 << "Content-Type: application/json[\r][\n]"
11:39:15.336 [pool-1-thread-2] DEBUG karate.org.apache.http.wire - http-outgoing-4 << "Content-Length: 99[\r][\n]"
11:39:15.336 [pool-1-thread-2] DEBUG karate.org.apache.http.wire - http-outgoing-4 << "Connection: keep-alive[\r][\n]"
11:39:15.336 [pool-1-thread-2] DEBUG karate.org.apache.http.wire - http-outgoing-4 << "Strict-Transport-Security: max-age=15724800; includeSubDomains[\r][\n]"
11:39:15.336 [pool-1-thread-2] DEBUG karate.org.apache.http.wire - http-outgoing-4 << "Access-Control-Allow-Origin: *[\r][\n]"
11:39:15.336 [pool-1-thread-2] DEBUG karate.org.apache.http.wire - http-outgoing-4 << "Access-Control-Allow-Credentials: true[\r][\n]"
11:39:15.336 [pool-1-thread-2] DEBUG karate.org.apache.http.wire - http-outgoing-4 << "Access-Control-Allow-Methods: GET, PUT, POST, DELETE, PATCH, OPTIONS[\r][\n]"
11:39:15.336 [pool-1-thread-2] DEBUG karate.org.apache.http.wire - http-outgoing-4 << "Access-Control-Allow-Headers: DNT,Keep-Alive,User-Agent,X-Requested-With,If-Modified-Since,Cache-Control,Content-Type,Range,Authorization[\r][\n]"
11:39:15.336 [pool-1-thread-2] DEBUG karate.org.apache.http.wire - http-outgoing-4 << "Access-Control-Max-Age: 1728000[\r][\n]"
11:39:15.336 [pool-1-thread-2] DEBUG karate.org.apache.http.wire - http-outgoing-4 << "[\r][\n]"
11:39:15.336 [pool-1-thread-2] DEBUG karate.org.apache.http.wire - http-outgoing-4 << "{"detail":[{"loc":["path","id"],"msg":"value is not a valid integer","type":"type_error.integer"}]}"
11:39:15.337 [pool-1-thread-2] DEBUG karate.org.apache.http.headers - http-outgoing-4 << HTTP/1.1 422 Unprocessable Entity
11:39:15.337 [pool-1-thread-2] DEBUG karate.org.apache.http.headers - http-outgoing-4 << Date: Sun, 02 Jul 2023 16:39:15 GMT
11:39:15.337 [pool-1-thread-2] DEBUG karate.org.apache.http.headers - http-outgoing-4 << Content-Type: application/json
11:39:15.337 [pool-1-thread-2] DEBUG karate.org.apache.http.headers - http-outgoing-4 << Content-Length: 99
11:39:15.337 [pool-1-thread-2] DEBUG karate.org.apache.http.headers - http-outgoing-4 << Connection: keep-alive
11:39:15.337 [pool-1-thread-2] DEBUG karate.org.apache.http.headers - http-outgoing-4 << Strict-Transport-Security: max-age=15724800; includeSubDomains
11:39:15.337 [pool-1-thread-2] DEBUG karate.org.apache.http.headers - http-outgoing-4 << Access-Control-Allow-Origin: *
11:39:15.337 [pool-1-thread-2] DEBUG karate.org.apache.http.headers - http-outgoing-4 << Access-Control-Allow-Credentials: true
11:39:15.337 [pool-1-thread-2] DEBUG karate.org.apache.http.headers - http-outgoing-4 << Access-Control-Allow-Methods: GET, PUT, POST, DELETE, PATCH, OPTIONS
11:39:15.337 [pool-1-thread-2] DEBUG karate.org.apache.http.headers - http-outgoing-4 << Access-Control-Allow-Headers: DNT,Keep-Alive,User-Agent,X-Requested-With,If-Modified-Since,Cache-Control,Content-Type,Range,Authorization
11:39:15.337 [pool-1-thread-2] DEBUG karate.org.apache.http.headers - http-outgoing-4 << Access-Control-Max-Age: 1728000
11:39:15.337 [pool-1-thread-2] DEBUG karate.org.apache.http.impl.execchain.MainClientExec - Connection can be kept alive indefinitely
11:39:15.337 [pool-1-thread-2] DEBUG karate.org.apache.http.impl.conn.PoolingHttpClientConnectionManager - Connection [id: 4][route: {s}->https://ops.enerbit.dev:443] can be kept alive indefinitely
11:39:15.338 [pool-1-thread-2] DEBUG karate.org.apache.http.impl.conn.DefaultManagedHttpClientConnection - http-outgoing-4: set socket timeout to 0
11:39:15.338 [pool-1-thread-2] DEBUG karate.org.apache.http.impl.conn.PoolingHttpClientConnectionManager - Connection released: [id: 4][route: {s}->https://ops.enerbit.dev:443][total available: 1; route allocated: 1 of 5; total allocated: 1 of 10]
11:39:15.338 [pool-1-thread-2] DEBUG com.intuit.karate - response time in milliseconds: 286
1 < 422
1 < Date: Sun, 02 Jul 2023 16:39:15 GMT
1 < Content-Type: application/json
1 < Content-Length: 99
1 < Connection: keep-alive
1 < Strict-Transport-Security: max-age=15724800; includeSubDomains
1 < Access-Control-Allow-Origin: *
1 < Access-Control-Allow-Credentials: true
1 < Access-Control-Allow-Methods: GET, PUT, POST, DELETE, PATCH, OPTIONS
1 < Access-Control-Allow-Headers: DNT,Keep-Alive,User-Agent,X-Requested-With,If-Modified-Since,Cache-Control,Content-Type,Range,Authorization
1 < Access-Control-Max-Age: 1728000
{"detail":[{"loc":["path","id"],"msg":"value is not a valid integer","type":"type_error.integer"}]}

11:39:15.343 [pool-2-thread-1] DEBUG com.jayway.jsonpath.internal.path.CompiledPath - Evaluating path: $
11:39:15.346 [pool-1-thread-2] DEBUG karate.org.apache.http.client.protocol.RequestAddCookies - CookieSpec selected: karate
11:39:15.347 [pool-1-thread-2] DEBUG karate.org.apache.http.client.protocol.RequestAuthCache - Auth cache not set in the context
11:39:15.347 [pool-1-thread-2] DEBUG com.intuit.karate - request:
1 > GET https://ops.enerbit.dev/learning/api/v1/meters/-4
1 > Host: ops.enerbit.dev
1 > Connection: Keep-Alive
1 > User-Agent: Apache-HttpClient/4.5.13 (Java/1.8.0_202)
1 > Accept-Encoding: gzip,deflate


11:39:15.347 [pool-1-thread-2] DEBUG karate.org.apache.http.impl.conn.PoolingHttpClientConnectionManager - Connection request: [route: {s}->https://ops.enerbit.dev:443][total available: 0; route allocated: 0 of 5; total allocated: 0 of 10]
11:39:15.348 [pool-1-thread-2] DEBUG karate.org.apache.http.impl.conn.PoolingHttpClientConnectionManager - Connection leased: [id: 6][route: {s}->https://ops.enerbit.dev:443][total available: 0; route allocated: 1 of 5; total allocated: 1 of 10]
11:39:15.348 [pool-1-thread-2] DEBUG karate.org.apache.http.impl.execchain.MainClientExec - Opening connection {s}->https://ops.enerbit.dev:443
11:39:15.348 [pool-1-thread-2] DEBUG karate.org.apache.http.impl.conn.DefaultHttpClientConnectionOperator - Connecting to ops.enerbit.dev/20.65.19.185:443
11:39:15.348 [pool-1-thread-2] DEBUG karate.org.apache.http.conn.ssl.SSLConnectionSocketFactory - Connecting socket to ops.enerbit.dev/20.65.19.185:443 with timeout 30000
11:39:15.356 [pool-2-thread-1] DEBUG com.jayway.jsonpath.internal.path.CompiledPath - Evaluating path: $
11:39:15.408 [pool-2-thread-1] DEBUG karate.org.thymeleaf.TemplateEngine - [THYMELEAF] INITIALIZING TEMPLATE ENGINE
11:39:15.423 [pool-1-thread-1] DEBUG karate.org.apache.http.wire - http-outgoing-5 << "HTTP/1.1 201 Created[\r][\n]"
11:39:15.423 [pool-1-thread-1] DEBUG karate.org.apache.http.wire - http-outgoing-5 << "Date: Sun, 02 Jul 2023 16:39:15 GMT[\r][\n]"
11:39:15.423 [pool-1-thread-1] DEBUG karate.org.apache.http.wire - http-outgoing-5 << "Content-Type: application/json[\r][\n]"
11:39:15.423 [pool-1-thread-1] DEBUG karate.org.apache.http.wire - http-outgoing-5 << "Content-Length: 320[\r][\n]"
11:39:15.423 [pool-1-thread-1] DEBUG karate.org.apache.http.wire - http-outgoing-5 << "Connection: keep-alive[\r][\n]"
11:39:15.423 [pool-1-thread-1] DEBUG karate.org.apache.http.wire - http-outgoing-5 << "Strict-Transport-Security: max-age=15724800; includeSubDomains[\r][\n]"
11:39:15.423 [pool-1-thread-1] DEBUG karate.org.apache.http.wire - http-outgoing-5 << "Access-Control-Allow-Origin: *[\r][\n]"
11:39:15.423 [pool-1-thread-1] DEBUG karate.org.apache.http.wire - http-outgoing-5 << "Access-Control-Allow-Credentials: true[\r][\n]"
11:39:15.423 [pool-1-thread-1] DEBUG karate.org.apache.http.wire - http-outgoing-5 << "Access-Control-Allow-Methods: GET, PUT, POST, DELETE, PATCH, OPTIONS[\r][\n]"
11:39:15.424 [pool-1-thread-1] DEBUG karate.org.apache.http.wire - http-outgoing-5 << "Access-Control-Allow-Headers: DNT,Keep-Alive,User-Agent,X-Requested-With,If-Modified-Since,Cache-Control,Content-Type,Range,Authorization[\r][\n]"
11:39:15.424 [pool-1-thread-1] DEBUG karate.org.apache.http.wire - http-outgoing-5 << "Access-Control-Max-Age: 1728000[\r][\n]"
11:39:15.424 [pool-1-thread-1] DEBUG karate.org.apache.http.wire - http-outgoing-5 << "[\r][\n]"
11:39:15.424 [pool-1-thread-1] DEBUG karate.org.apache.http.wire - http-outgoing-5 << "{"serial":"3424234233kj","connection_type":"directa","storage_system":"interno","condition":"nuevo","owner":"RF","location":"Almacen ","manufacturer":"yes","purchase":"2022-07-28 03:08:49.340514","i_max":6345.654,"i_b":21.5,"i_n":876.5,"seals":545.65,"id":414,"created_at":"2023-07-02T16:39:15.907217","updated_at":null}"
11:39:15.424 [pool-1-thread-1] DEBUG karate.org.apache.http.headers - http-outgoing-5 << HTTP/1.1 201 Created
11:39:15.424 [pool-1-thread-1] DEBUG karate.org.apache.http.headers - http-outgoing-5 << Date: Sun, 02 Jul 2023 16:39:15 GMT
11:39:15.424 [pool-1-thread-1] DEBUG karate.org.apache.http.headers - http-outgoing-5 << Content-Type: application/json
11:39:15.424 [pool-1-thread-1] DEBUG karate.org.apache.http.headers - http-outgoing-5 << Content-Length: 320
11:39:15.424 [pool-1-thread-1] DEBUG karate.org.apache.http.headers - http-outgoing-5 << Connection: keep-alive
11:39:15.424 [pool-1-thread-1] DEBUG karate.org.apache.http.headers - http-outgoing-5 << Strict-Transport-Security: max-age=15724800; includeSubDomains
11:39:15.424 [pool-1-thread-1] DEBUG karate.org.apache.http.headers - http-outgoing-5 << Access-Control-Allow-Origin: *
11:39:15.424 [pool-1-thread-1] DEBUG karate.org.apache.http.headers - http-outgoing-5 << Access-Control-Allow-Credentials: true
11:39:15.424 [pool-1-thread-1] DEBUG karate.org.apache.http.headers - http-outgoing-5 << Access-Control-Allow-Methods: GET, PUT, POST, DELETE, PATCH, OPTIONS
11:39:15.424 [pool-1-thread-1] DEBUG karate.org.apache.http.headers - http-outgoing-5 << Access-Control-Allow-Headers: DNT,Keep-Alive,User-Agent,X-Requested-With,If-Modified-Since,Cache-Control,Content-Type,Range,Authorization
11:39:15.424 [pool-1-thread-1] DEBUG karate.org.apache.http.headers - http-outgoing-5 << Access-Control-Max-Age: 1728000
11:39:15.424 [pool-1-thread-1] DEBUG karate.org.apache.http.impl.execchain.MainClientExec - Connection can be kept alive indefinitely
11:39:15.425 [pool-1-thread-1] DEBUG karate.org.apache.http.impl.conn.PoolingHttpClientConnectionManager - Connection [id: 5][route: {s}->https://ops.enerbit.dev:443] can be kept alive indefinitely
11:39:15.425 [pool-1-thread-1] DEBUG karate.org.apache.http.impl.conn.DefaultManagedHttpClientConnection - http-outgoing-5: set socket timeout to 0
11:39:15.425 [pool-1-thread-1] DEBUG karate.org.apache.http.impl.conn.PoolingHttpClientConnectionManager - Connection released: [id: 5][route: {s}->https://ops.enerbit.dev:443][total available: 1; route allocated: 1 of 5; total allocated: 1 of 10]
11:39:15.425 [pool-1-thread-1] DEBUG com.intuit.karate - response time in milliseconds: 335
1 < 201
1 < Date: Sun, 02 Jul 2023 16:39:15 GMT
1 < Content-Type: application/json
1 < Content-Length: 320
1 < Connection: keep-alive
1 < Strict-Transport-Security: max-age=15724800; includeSubDomains
1 < Access-Control-Allow-Origin: *
1 < Access-Control-Allow-Credentials: true
1 < Access-Control-Allow-Methods: GET, PUT, POST, DELETE, PATCH, OPTIONS
1 < Access-Control-Allow-Headers: DNT,Keep-Alive,User-Agent,X-Requested-With,If-Modified-Since,Cache-Control,Content-Type,Range,Authorization
1 < Access-Control-Max-Age: 1728000
{"serial":"3424234233kj","connection_type":"directa","storage_system":"interno","condition":"nuevo","owner":"RF","location":"Almacen ","manufacturer":"yes","purchase":"2022-07-28 03:08:49.340514","i_max":6345.654,"i_b":21.5,"i_n":876.5,"seals":545.65,"id":414,"created_at":"2023-07-02T16:39:15.907217","updated_at":null}

11:39:15.427 [pool-1-thread-1] DEBUG com.jayway.jsonpath.internal.path.CompiledPath - Evaluating path: $['id']
11:39:15.430 [pool-1-thread-2] DEBUG karate.org.apache.http.conn.ssl.SSLConnectionSocketFactory - Enabled protocols: [TLSv1, TLSv1.1, TLSv1.2]
11:39:15.430 [pool-1-thread-2] DEBUG karate.org.apache.http.conn.ssl.SSLConnectionSocketFactory - Enabled cipher suites:[TLS_ECDHE_ECDSA_WITH_AES_256_CBC_SHA384, TLS_ECDHE_RSA_WITH_AES_256_CBC_SHA384, TLS_RSA_WITH_AES_256_CBC_SHA256, TLS_ECDH_ECDSA_WITH_AES_256_CBC_SHA384, TLS_ECDH_RSA_WITH_AES_256_CBC_SHA384, TLS_DHE_RSA_WITH_AES_256_CBC_SHA256, TLS_DHE_DSS_WITH_AES_256_CBC_SHA256, TLS_ECDHE_ECDSA_WITH_AES_256_CBC_SHA, TLS_ECDHE_RSA_WITH_AES_256_CBC_SHA, TLS_RSA_WITH_AES_256_CBC_SHA, TLS_ECDH_ECDSA_WITH_AES_256_CBC_SHA, TLS_ECDH_RSA_WITH_AES_256_CBC_SHA, TLS_DHE_RSA_WITH_AES_256_CBC_SHA, TLS_DHE_DSS_WITH_AES_256_CBC_SHA, TLS_ECDHE_ECDSA_WITH_AES_128_CBC_SHA256, TLS_ECDHE_RSA_WITH_AES_128_CBC_SHA256, TLS_RSA_WITH_AES_128_CBC_SHA256, TLS_ECDH_ECDSA_WITH_AES_128_CBC_SHA256, TLS_ECDH_RSA_WITH_AES_128_CBC_SHA256, TLS_DHE_RSA_WITH_AES_128_CBC_SHA256, TLS_DHE_DSS_WITH_AES_128_CBC_SHA256, TLS_ECDHE_ECDSA_WITH_AES_128_CBC_SHA, TLS_ECDHE_RSA_WITH_AES_128_CBC_SHA, TLS_RSA_WITH_AES_128_CBC_SHA, TLS_ECDH_ECDSA_WITH_AES_128_CBC_SHA, TLS_ECDH_RSA_WITH_AES_128_CBC_SHA, TLS_DHE_RSA_WITH_AES_128_CBC_SHA, TLS_DHE_DSS_WITH_AES_128_CBC_SHA, TLS_ECDHE_ECDSA_WITH_AES_256_GCM_SHA384, TLS_ECDHE_ECDSA_WITH_AES_128_GCM_SHA256, TLS_ECDHE_RSA_WITH_AES_256_GCM_SHA384, TLS_RSA_WITH_AES_256_GCM_SHA384, TLS_ECDH_ECDSA_WITH_AES_256_GCM_SHA384, TLS_ECDH_RSA_WITH_AES_256_GCM_SHA384, TLS_DHE_RSA_WITH_AES_256_GCM_SHA384, TLS_DHE_DSS_WITH_AES_256_GCM_SHA384, TLS_ECDHE_RSA_WITH_AES_128_GCM_SHA256, TLS_RSA_WITH_AES_128_GCM_SHA256, TLS_ECDH_ECDSA_WITH_AES_128_GCM_SHA256, TLS_ECDH_RSA_WITH_AES_128_GCM_SHA256, TLS_DHE_RSA_WITH_AES_128_GCM_SHA256, TLS_DHE_DSS_WITH_AES_128_GCM_SHA256]
11:39:15.430 [pool-1-thread-2] DEBUG karate.org.apache.http.conn.ssl.SSLConnectionSocketFactory - Starting handshake
11:39:15.432 [pool-1-thread-1] DEBUG karate.org.apache.http.client.protocol.RequestAddCookies - CookieSpec selected: karate
11:39:15.433 [pool-1-thread-1] DEBUG karate.org.apache.http.client.protocol.RequestAuthCache - Auth cache not set in the context
11:39:15.433 [pool-1-thread-1] DEBUG com.intuit.karate - request:
2 > GET https://ops.enerbit.dev/learning/api/v1/meters/414
2 > Host: ops.enerbit.dev
2 > Connection: Keep-Alive
2 > User-Agent: Apache-HttpClient/4.5.13 (Java/1.8.0_202)
2 > Accept-Encoding: gzip,deflate


11:39:15.433 [pool-1-thread-1] DEBUG karate.org.apache.http.impl.conn.PoolingHttpClientConnectionManager - Connection request: [route: {s}->https://ops.enerbit.dev:443][total available: 0; route allocated: 0 of 5; total allocated: 0 of 10]
11:39:15.433 [pool-1-thread-1] DEBUG karate.org.apache.http.impl.conn.PoolingHttpClientConnectionManager - Connection leased: [id: 7][route: {s}->https://ops.enerbit.dev:443][total available: 0; route allocated: 1 of 5; total allocated: 1 of 10]
11:39:15.433 [pool-1-thread-1] DEBUG karate.org.apache.http.impl.execchain.MainClientExec - Opening connection {s}->https://ops.enerbit.dev:443
11:39:15.434 [pool-1-thread-1] DEBUG karate.org.apache.http.impl.conn.DefaultHttpClientConnectionOperator - Connecting to ops.enerbit.dev/20.65.19.185:443
11:39:15.434 [pool-1-thread-1] DEBUG karate.org.apache.http.conn.ssl.SSLConnectionSocketFactory - Connecting socket to ops.enerbit.dev/20.65.19.185:443 with timeout 30000
11:39:15.514 [pool-1-thread-1] DEBUG karate.org.apache.http.conn.ssl.SSLConnectionSocketFactory - Enabled protocols: [TLSv1, TLSv1.1, TLSv1.2]
[...]
[THYMELEAF]             * [* {th:standby,data-th-standby}] [1000]: karate.org.thymeleaf.standard.processor.StandardRemovableAttributeTagProcessor
[THYMELEAF]             * [* {th:form,data-th-form}] [1000]: karate.org.thymeleaf.standard.processor.StandardRemovableAttributeTagProcessor
[THYMELEAF]             * [* {th:start,data-th-start}] [1000]: karate.org.thymeleaf.standard.processor.StandardRemovableAttributeTagProcessor
[THYMELEAF]             * [* {th:step,data-th-step}] [1000]: karate.org.thymeleaf.standard.processor.StandardRemovableAttributeTagProcessor
[THYMELEAF]             * [* {th:archive,data-th-archive}] [1000]: karate.org.thymeleaf.standard.processor.StandardRemovableAttributeTagProcessor
[THYMELEAF]             * [* {th:formmethod,data-th-formmethod}] [1000]: karate.org.thymeleaf.standard.processor.StandardRemovableAttributeTagProcessor
[THYMELEAF]             * [* {th:challenge,data-th-challenge}] [1000]: karate.org.thymeleaf.standard.processor.StandardRemovableAttributeTagProcessor
[THYMELEAF]             * [* {th:spellcheck,data-th-spellcheck}] [1000]: karate.org.thymeleaf.standard.processor.StandardRemovableAttributeTagProcessor
[THYMELEAF]             * [* {th:content,data-th-content}] [1000]: karate.org.thymeleaf.standard.processor.StandardRemovableAttributeTagProcessor
[THYMELEAF]             * [* {th:width,data-th-width}] [1000]: karate.org.thymeleaf.standard.processor.StandardRemovableAttributeTagProcessor
[THYMELEAF]             * [* {th:classid,data-th-classid}] [1000]: karate.org.thymeleaf.standard.processor.StandardRemovableAttributeTagProcessor
[THYMELEAF]             * [* {th:scope,data-th-scope}] [1000]: karate.org.thymeleaf.standard.processor.StandardRemovableAttributeTagProcessor
[THYMELEAF]             * [* {th:wrap,data-th-wrap}] [1000]: karate.org.thymeleaf.standard.processor.StandardRemovableAttributeTagProcessor
[THYMELEAF]             * [* {th:accept,data-th-accept}] [1000]: karate.org.thymeleaf.standard.processor.StandardRemovableAttributeTagProcessor
[THYMELEAF]             * [* {th:max,data-th-max}] [1000]: karate.org.thymeleaf.standard.processor.StandardRemovableAttributeTagProcessor
[THYMELEAF]             * [* {th:size,data-th-size}] [1000]: karate.org.thymeleaf.standard.processor.StandardRemovableAttributeTagProcessor
[THYMELEAF]             * [* {th:abbr,data-th-abbr}] [1000]: karate.org.thymeleaf.standard.processor.StandardRemovableAttributeTagProcessor
[THYMELEAF]             * [* {th:keytype,data-th-keytype}] [1000]: karate.org.thymeleaf.standard.processor.StandardRemovableAttributeTagProcessor
[THYMELEAF]             * [* {th:codetype,data-th-codetype}] [1000]: karate.org.thymeleaf.standard.processor.StandardRemovableAttributeTagProcessor
[THYMELEAF]             * [* {th:contextmenu,data-th-contextmenu}] [1000]: karate.org.thymeleaf.standard.processor.StandardRemovableAttributeTagProcessor
[THYMELEAF]             * [* {th:border,data-th-border}] [1000]: karate.org.thymeleaf.standard.processor.StandardRemovableAttributeTagProcessor
[THYMELEAF]             * [* {th:title,data-th-title}] [1000]: karate.org.thymeleaf.standard.processor.StandardRemovableAttributeTagProcessor
[THYMELEAF]             * [* {th:span,data-th-span}] [1000]: karate.org.thymeleaf.standard.processor.StandardRemovableAttributeTagProcessor
[THYMELEAF]             * [* {th:hreflang,data-th-hreflang}] [1000]: karate.org.thymeleaf.standard.processor.StandardRemovableAttributeTagProcessor
[THYMELEAF]             * [* {th:cite,data-th-cite}] [1000]: karate.org.thymeleaf.standard.processor.StandardRemovableAttributeTagProcessor
[THYMELEAF]             * [* {th:align,data-th-align}] [1000]: karate.org.thymeleaf.standard.processor.StandardRemovableAttributeTagProcessor
[THYMELEAF]             * [* {th:list,data-th-list}] [1000]: karate.org.thymeleaf.standard.processor.StandardRemovableAttributeTagProcessor
[THYMELEAF]             * [* {th:datetime,data-th-datetime}] [1000]: karate.org.thymeleaf.standard.processor.StandardRemovableAttributeTagProcessor
[THYMELEAF]             * [* {th:data,data-th-data}] [1000]: karate.org.thymeleaf.standard.processor.StandardRemovableAttributeTagProcessor
[THYMELEAF]             * [* {th:sandbox,data-th-sandbox}] [1000]: karate.org.thymeleaf.standard.processor.StandardRemovableAttributeTagProcessor
[THYMELEAF]             * [* {th:bgcolor,data-th-bgcolor}] [1000]: karate.org.thymeleaf.standard.processor.StandardRemovableAttributeTagProcessor
[THYMELEAF]             * [* {th:src,data-th-src}] [1000]: karate.org.thymeleaf.standard.processor.StandardSrcTagProcessor
[THYMELEAF]             * [* {th:value,data-th-value}] [1000]: karate.org.thymeleaf.standard.processor.StandardValueTagProcessor
[THYMELEAF]             * [* {th:xmlbase,data-th-xmlbase}] [1000]: karate.org.thymeleaf.standard.processor.StandardXmlBaseTagProcessor
[THYMELEAF]             * [* {th:xmllang,data-th-xmllang}] [1000]: karate.org.thymeleaf.standard.processor.StandardXmlLangTagProcessor
[THYMELEAF]             * [* {xmlns:th}] [1000]: karate.org.thymeleaf.standard.processor.StandardXmlNsTagProcessor
[THYMELEAF]             * [* {th:xmlspace,data-th-xmlspace}] [1000]: karate.org.thymeleaf.standard.processor.StandardXmlSpaceTagProcessor
[THYMELEAF]             * [* {th:classappend,data-th-classappend}] [1100]: karate.org.thymeleaf.standard.processor.StandardClassappendTagProcessor
[THYMELEAF]             * [* {th:styleappend,data-th-styleappend}] [1100]: karate.org.thymeleaf.standard.processor.StandardStyleappendTagProcessor
[THYMELEAF]             * [* {th:text,data-th-text}] [1300]: karate.org.thymeleaf.standard.processor.StandardTextTagProcessor
[THYMELEAF]             * [* {th:utext,data-th-utext}] [1400]: karate.org.thymeleaf.standard.processor.StandardUtextTagProcessor
[THYMELEAF]             * [* {th:fragment,data-th-fragment}] [1500]: karate.org.thymeleaf.standard.processor.StandardFragmentTagProcessor
[THYMELEAF]             * [* {th:assert,data-th-assert}] [1550]: karate.org.thymeleaf.standard.processor.StandardAssertTagProcessor
[THYMELEAF]             * [* {th:remove,data-th-remove}] [1600]: karate.org.thymeleaf.standard.processor.StandardRemoveTagProcessor
[THYMELEAF]             * [* {th:ref,data-th-ref}] [10000]: karate.org.thymeleaf.standard.processor.StandardRefAttributeTagProcessor
[THYMELEAF]             * [{th:block,th-block} *] [100000]: karate.org.thymeleaf.standard.processor.StandardBlockTagProcessor
[THYMELEAF]             * [* th:*] [2147483647]: karate.org.thymeleaf.standard.processor.StandardDefaultAttributesTagProcessor
[THYMELEAF]         * Text Processors by [precedence]:
[THYMELEAF]             * [1000]: karate.org.thymeleaf.standard.processor.StandardInliningTextProcessor
[THYMELEAF]         * DOCTYPE Processors by [precedence]:
[THYMELEAF]             * [1000]: karate.org.thymeleaf.standard.processor.StandardTranslationDocTypeProcessor
[THYMELEAF]         * CDATA Section Processors by [precedence]:
[THYMELEAF]             * [1000]: karate.org.thymeleaf.standard.processor.StandardInliningCDATASectionProcessor
[THYMELEAF]         * Comment Processors by [precedence]:
[THYMELEAF]             * [1000]: karate.org.thymeleaf.standard.processor.StandardInliningCommentProcessor
[THYMELEAF]             * [1100]: karate.org.thymeleaf.standard.processor.StandardConditionalCommentProcessor
[THYMELEAF]     * Processors for Template Mode: XML
[THYMELEAF]         * Element Tag Processors by [matching element and attribute name] [precedence]:
[THYMELEAF]             * [* {th:include}] [100]: karate.org.thymeleaf.standard.processor.StandardIncludeTagProcessor
[THYMELEAF]             * [* {th:insert}] [100]: karate.org.thymeleaf.standard.processor.StandardInsertTagProcessor
[THYMELEAF]             * [* {th:replace}] [100]: karate.org.thymeleaf.standard.processor.StandardReplaceTagProcessor
[THYMELEAF]             * [* {th:substituteby}] [100]: karate.org.thymeleaf.standard.processor.StandardSubstituteByTagProcessor
[THYMELEAF]             * [* {th:each}] [200]: com.intuit.karate.template.KarateEachTagProcessor
[THYMELEAF]             * [* {th:switch}] [250]: karate.org.thymeleaf.standard.processor.StandardSwitchTagProcessor
[THYMELEAF]             * [* {th:case}] [275]: karate.org.thymeleaf.standard.processor.StandardCaseTagProcessor
[THYMELEAF]             * [* {th:if}] [300]: karate.org.thymeleaf.standard.processor.StandardIfTagProcessor
[THYMELEAF]             * [* {th:unless}] [400]: karate.org.thymeleaf.standard.processor.StandardUnlessTagProcessor
[THYMELEAF]             * [* {th:object}] [500]: karate.org.thymeleaf.standard.processor.StandardObjectTagProcessor
[THYMELEAF]             * [* {th:with}] [600]: com.intuit.karate.template.KarateWithTagProcessor
[THYMELEAF]             * [* {th:attr}] [700]: com.intuit.karate.template.KarateAttributeTagProcessor.KarateAttrTagProcessor
[THYMELEAF]             * [* {th:attrappend}] [900]: com.intuit.karate.template.KarateAttributeTagProcessor.KarateAttrappendTagProcessor
[THYMELEAF]             * [* {th:attrprepend}] [900]: com.intuit.karate.template.KarateAttributeTagProcessor.KarateAttrprependTagProcessor
[THYMELEAF]             * [* {th:inline}] [1000]: karate.org.thymeleaf.standard.processor.StandardInlineXMLTagProcessor
[THYMELEAF]             * [* {xmlns:th}] [1000]: karate.org.thymeleaf.standard.processor.StandardXmlNsTagProcessor
[THYMELEAF]             * [* {th:text}] [1300]: karate.org.thymeleaf.standard.processor.StandardTextTagProcessor
[THYMELEAF]             * [* {th:utext}] [1400]: karate.org.thymeleaf.standard.processor.StandardUtextTagProcessor
[THYMELEAF]             * [* {th:fragment}] [1500]: karate.org.thymeleaf.standard.processor.StandardFragmentTagProcessor
[THYMELEAF]             * [* {th:assert}] [1550]: karate.org.thymeleaf.standard.processor.StandardAssertTagProcessor
[THYMELEAF]             * [* {th:remove}] [1600]: karate.org.thymeleaf.standard.processor.StandardRemoveTagProcessor
[THYMELEAF]             * [* {th:ref}] [10000]: karate.org.thymeleaf.standard.processor.StandardRefAttributeTagProcessor
[THYMELEAF]             * [{th:block} *] [100000]: karate.org.thymeleaf.standard.processor.StandardBlockTagProcessor
[THYMELEAF]             * [* th:*] [2147483647]: karate.org.thymeleaf.standard.processor.StandardDefaultAttributesTagProcessor
[THYMELEAF]         * Text Processors by [precedence]:
[THYMELEAF]             * [1000]: karate.org.thymeleaf.standard.processor.StandardInliningTextProcessor
[THYMELEAF]         * CDATA Section Processors by [precedence]:
[THYMELEAF]             * [1000]: karate.org.thymeleaf.standard.processor.StandardInliningCDATASectionProcessor
[THYMELEAF]         * Comment Processors by [precedence]:
[THYMELEAF]             * [1000]: karate.org.thymeleaf.standard.processor.StandardInliningCommentProcessor
[THYMELEAF]     * Processors for Template Mode: TEXT
[THYMELEAF]         * Element Tag Processors by [matching element and attribute name] [precedence]:
[THYMELEAF]             * [* {th:insert}] [100]: karate.org.thymeleaf.standard.processor.StandardInsertTagProcessor
[THYMELEAF]             * [* {th:replace}] [100]: karate.org.thymeleaf.standard.processor.StandardReplaceTagProcessor
[THYMELEAF]             * [* {th:each}] [200]: com.intuit.karate.template.KarateEachTagProcessor
[THYMELEAF]             * [* {th:switch}] [250]: karate.org.thymeleaf.standard.processor.StandardSwitchTagProcessor
[THYMELEAF]             * [* {th:case}] [275]: karate.org.thymeleaf.standard.processor.StandardCaseTagProcessor
[THYMELEAF]             * [* {th:if}] [300]: karate.org.thymeleaf.standard.processor.StandardIfTagProcessor
[THYMELEAF]             * [* {th:unless}] [400]: karate.org.thymeleaf.standard.processor.StandardUnlessTagProcessor
[THYMELEAF]             * [* {th:object}] [500]: karate.org.thymeleaf.standard.processor.StandardObjectTagProcessor
[THYMELEAF]             * [* {th:with}] [600]: com.intuit.karate.template.KarateWithTagProcessor
[THYMELEAF]             * [* {th:inline}] [1000]: karate.org.thymeleaf.standard.processor.StandardInlineTextualTagProcessor
[THYMELEAF]             * [* {th:text}] [1300]: karate.org.thymeleaf.standard.processor.StandardTextTagProcessor
[THYMELEAF]             * [* {th:utext}] [1400]: karate.org.thymeleaf.standard.processor.StandardUtextTagProcessor
[THYMELEAF]             * [* {th:assert}] [1550]: karate.org.thymeleaf.standard.processor.StandardAssertTagProcessor
[THYMELEAF]             * [* {th:remove}] [1600]: karate.org.thymeleaf.standard.processor.StandardRemoveTagProcessor
[THYMELEAF]             * [{th:block} *] [100000]: karate.org.thymeleaf.standard.processor.StandardBlockTagProcessor
[THYMELEAF]             * [* 100000] [karate.org.thymeleaf.standard.processor.StandardBlockTagProcessor]: {}
[THYMELEAF]         * Text Processors by [precedence]:
[THYMELEAF]             * [1000]: karate.org.thymeleaf.standard.processor.StandardInliningTextProcessor
[THYMELEAF]     * Processors for Template Mode: JAVASCRIPT
[THYMELEAF]         * Element Tag Processors by [matching element and attribute name] [precedence]:
[THYMELEAF]             * [* {th:insert}] [100]: karate.org.thymeleaf.standard.processor.StandardInsertTagProcessor
[THYMELEAF]             * [* {th:replace}] [100]: karate.org.thymeleaf.standard.processor.StandardReplaceTagProcessor
[THYMELEAF]             * [* {th:each}] [200]: com.intuit.karate.template.KarateEachTagProcessor
[THYMELEAF]             * [* {th:switch}] [250]: karate.org.thymeleaf.standard.processor.StandardSwitchTagProcessor
[THYMELEAF]             * [* {th:case}] [275]: karate.org.thymeleaf.standard.processor.StandardCaseTagProcessor
[THYMELEAF]             * [* {th:if}] [300]: karate.org.thymeleaf.standard.processor.StandardIfTagProcessor
[THYMELEAF]             * [* {th:unless}] [400]: karate.org.thymeleaf.standard.processor.StandardUnlessTagProcessor
[THYMELEAF]             * [* {th:object}] [500]: karate.org.thymeleaf.standard.processor.StandardObjectTagProcessor
[THYMELEAF]             * [* {th:with}] [600]: com.intuit.karate.template.KarateWithTagProcessor
[THYMELEAF]             * [* {th:inline}] [1000]: karate.org.thymeleaf.standard.processor.StandardInlineTextualTagProcessor
[THYMELEAF]             * [* {th:text}] [1300]: karate.org.thymeleaf.standard.processor.StandardTextTagProcessor
[THYMELEAF]             * [* {th:utext}] [1400]: karate.org.thymeleaf.standard.processor.StandardUtextTagProcessor
[THYMELEAF]             * [* {th:assert}] [1550]: karate.org.thymeleaf.standard.processor.StandardAssertTagProcessor
[THYMELEAF]             * [* {th:remove}] [1600]: karate.org.thymeleaf.standard.processor.StandardRemoveTagProcessor
[THYMELEAF]             * [* 100000] [karate.org.thymeleaf.standard.processor.StandardBlockTagProcessor]: {}
[THYMELEAF]             * [{th:block} *] [100000]: karate.org.thymeleaf.standard.processor.StandardBlockTagProcessor
[THYMELEAF]         * Text Processors by [precedence]:
[THYMELEAF]             * [1000]: karate.org.thymeleaf.standard.processor.StandardInliningTextProcessor
[THYMELEAF]     * Processors for Template Mode: CSS
[THYMELEAF]         * Element Tag Processors by [matching element and attribute name] [precedence]:
[THYMELEAF]             * [* {th:insert}] [100]: karate.org.thymeleaf.standard.processor.StandardInsertTagProcessor
[THYMELEAF]             * [* {th:replace}] [100]: karate.org.thymeleaf.standard.processor.StandardReplaceTagProcessor
[THYMELEAF]             * [* {th:each}] [200]: com.intuit.karate.template.KarateEachTagProcessor
[THYMELEAF]             * [* {th:switch}] [250]: karate.org.thymeleaf.standard.processor.StandardSwitchTagProcessor
[THYMELEAF]             * [* {th:case}] [275]: karate.org.thymeleaf.standard.processor.StandardCaseTagProcessor
[THYMELEAF]             * [* {th:if}] [300]: karate.org.thymeleaf.standard.processor.StandardIfTagProcessor
[THYMELEAF]             * [* {th:unless}] [400]: karate.org.thymeleaf.standard.processor.StandardUnlessTagProcessor
[THYMELEAF]             * [* {th:object}] [500]: karate.org.thymeleaf.standard.processor.StandardObjectTagProcessor
[THYMELEAF]             * [* {th:with}] [600]: com.intuit.karate.template.KarateWithTagProcessor
[THYMELEAF]             * [* {th:inline}] [1000]: karate.org.thymeleaf.standard.processor.StandardInlineTextualTagProcessor
[THYMELEAF]             * [* {th:text}] [1300]: karate.org.thymeleaf.standard.processor.StandardTextTagProcessor
[THYMELEAF]             * [* {th:utext}] [1400]: karate.org.thymeleaf.standard.processor.StandardUtextTagProcessor
[THYMELEAF]             * [* {th:assert}] [1550]: karate.org.thymeleaf.standard.processor.StandardAssertTagProcessor
[THYMELEAF]             * [* {th:remove}] [1600]: karate.org.thymeleaf.standard.processor.StandardRemoveTagProcessor
[THYMELEAF]             * [{th:block} *] [100000]: karate.org.thymeleaf.standard.processor.StandardBlockTagProcessor
[THYMELEAF]             * [* 100000] [karate.org.thymeleaf.standard.processor.StandardBlockTagProcessor]: {}
[THYMELEAF]         * Text Processors by [precedence]:
[THYMELEAF]             * [1000]: karate.org.thymeleaf.standard.processor.StandardInliningTextProcessor
[THYMELEAF]     * Expression Objects:
[THYMELEAF]         * #ctx
[THYMELEAF]         * #root
[THYMELEAF]         * #vars
[THYMELEAF]         * #object
[THYMELEAF]         * #locale
[THYMELEAF]         * #request
[THYMELEAF]         * #response
[THYMELEAF]         * #session
[THYMELEAF]         * #servletContext
[THYMELEAF]         * #conversions
[THYMELEAF]         * #uris
[THYMELEAF]         * #calendars
[THYMELEAF]         * #dates
[THYMELEAF]         * #bools
[THYMELEAF]         * #numbers
[THYMELEAF]         * #objects
[THYMELEAF]         * #strings
[THYMELEAF]         * #arrays
[THYMELEAF]         * #lists
[THYMELEAF]         * #sets
[THYMELEAF]         * #maps
[THYMELEAF]         * #aggregates
[THYMELEAF]         * #messages
[THYMELEAF]         * #ids
[THYMELEAF]         * #execInfo
[THYMELEAF]         * #httpServletRequest
[THYMELEAF]         * #httpSession
[THYMELEAF]     * Execution Attributes:
[THYMELEAF]         * "StandardExpressionParser": com.intuit.karate.template.KarateStandardDialect@30401b1c
[THYMELEAF]         * "StandardJavaScriptSerializer": karate.org.thymeleaf.standard.serializer.StandardJavaScriptSerializer@25ccbd7
[THYMELEAF]         * "StandardCSSSerializer": karate.org.thymeleaf.standard.serializer.StandardCSSSerializer@3f48510c
[THYMELEAF]         * "StandardVariableExpressionEvaluator": com.intuit.karate.template.KarateStandardDialect@30401b1c
[THYMELEAF]         * "StandardConversionService": karate.org.thymeleaf.standard.expression.StandardConversionService@303031
[THYMELEAF] * Dialect [2 of 2]: karate (com.intuit.karate.template.KarateScriptDialect)
[THYMELEAF]     * Prefix: "ka"
[THYMELEAF]     * Processors for Template Mode: HTML
[THYMELEAF]         * Element Tag Processors by [matching element and attribute name] [precedence]:
[THYMELEAF]             * [* {src}] [1000]: com.intuit.karate.template.KaScriptAttrProcessor
[THYMELEAF]         * Element Model Processors by [matching element and attribute name] [precedence]:
[THYMELEAF]             * [{script} {ka:scope,data-ka-scope}] [1000]: com.intuit.karate.template.KaScriptElemProcessor
[THYMELEAF]             * [* {ka:set,data-ka-set}] [1000]: com.intuit.karate.template.KaSetElemProcessor
[THYMELEAF] TEMPLATE ENGINE CONFIGURED OK
11:39:23.326 [Test worker] DEBUG karate.org.thymeleaf.TemplateEngine - [THYMELEAF] TEMPLATE ENGINE INITIALIZED

HTML report: (paste into browser to view) | Karate version: 1.2.0.RC4
file:///C:/cisaza/Reto%20Enerbit/Back/build/karate-reports/karate-summary.html
===================================================================

]]></system-out>
  <system-err><![CDATA[]]></system-err>
</testsuite>
